[7] 0
[17] 0
[23] I_am_the_admin ??? foo@bar.com 10
[27] 0
[29] 0
[39] 0
[45] 0
[54] 0
[56] 0
[62] 0
[64] 0
[67] 0
[68] 0
[77] -1
[82] 0
[92] 0
[93] Greyy ??? Europe.have@entered.into 4
[96] Blaze ?? All.the.Powers@of.old 4
[105] Greyy ??? Europe.have@entered.into 4
[106] 0
[112] 0
[115] 0
[123] Checking privilege: 4 4 5
Greyy ??? Czar.Metternich@and.Guizot 4
[128] 0
[135] 0
[143] Beagle ??? Europethe.spectre@of.Communism 4
[145] 0
[152] 0
[156] -1
[158] 0
[167] 0
[173] Checking privilege: 4 4 5
Beagle ?? Europethe.spectre@of.Communism 4
[177] Nightmare ?? policespies@Where.is 3
[179] Leizi ?? this.spectre@Pope.and 1
[186] 0
[192] -1
[193] Rangers ??? the.party.in@opposition.that 3
[201] Beagle ?? Europethe.spectre@of.Communism 4
[208] Jessica ??? has.not.been@decried.as 2
[218] 0
[227] 0
[228] WaaiFu ?? French.Radicals@and.German 2
[237] 0
[238] 0
[241] 0
[249] 0
[259] 0
[268] 0
[269] 0
[274] 0
[283] 0
[284] 0
[286] 0
[291] 0
[292] Nightmare ?? policespies@Where.is 3
[297] 0
[304] 0
[309] 0
[317] 0
[320] Broca ??? branding.reproach@of.Communism 1
[321] Manticore ?? not.hurled@back.the 2
[329] 0
[334] 0
[336] Beagle ?? Europethe.spectre@of.Communism 4
[338] 0
[340] 0
[341] 0
[349] 0
[355] -1
[361] 0
[363] 0
[368] Greyy ??? Czar.Metternich@and.Guizot 4
[372] Hibiscus ?? Communistic@by.its 1
[378] 0
[387] 0
[389] 0
[397] 0
[398] 0
[404] 0
[406] 0
[411] Broca ??? branding.reproach@of.Communism 1
[420] Manticore ?? not.hurled@back.the 2
[423] 0
[424] 0
[428] Broca ??? branding.reproach@of.Communism 1
[437] Leizi ?? this.spectre@Pope.and 1
[447] 0
[457] 0
[467] Nightmare ?? policespies@Where.is 3
[477] 0
[486] 0
[489] 0
[492] 0
[499] 0
[503] -1
[508] Checking privilege: 1 1 2
Schwarz ?? is.the.Opposition@that.has 1
[516] 0
[521] 0
[531] 0
[539] 0
[546] 0
[553] Broca ??? branding.reproach@of.Communism 1
[554] 0
[560] 0
[569] 0
[576] 0
[583] 0
[591] 0
[599] 0
[606] 0
[615] 0
[618] 0
[626] 0
[632] 0
[634] 0
[636] Earthspirit ?? I.Communism@is.already 3
[644] 0
[647] -1
[649] Yato ?? meet.this.nursery@tale.of 3
[650] 0
[652] 0
[653] 0
[660] 0
[666] Haze ?? result.from@this.fact 1
[670] Checking privilege: 1 1 4
Executor ??? history.of@all.hitherto 1
[671] 0
[676] 0
[682] -1
[689] 0
[696] 0
[697] Ethan ?? acknowledged@by.all 3
[706] -1
[713] Meteorite ?? European.Powers@to.be 3
[722] Leizi ?? this.spectre@Pope.and 1
[731] 0
[741] 0
[745] 0
[748] Manticore ?? not.hurled@back.the 2
[753] 0
[763] 0
[773] Checking privilege: 2 2 3
Plume ?? serf.guildmaster@and.journeyma 2
[782] 0
[783] Schwarz ?? is.the.Opposition@that.has 1
[789] -1
[795] 0
[803] 0
[806] 0
[814] 0
[821] GreyThroat ?? Freeman.and@slave.patrician 1
[826] 0
[833] 0
[843] 0
[846] 0
[850] 2
LeavesofGrass ?????? 08-01 08:59 -> ????? 08-01 07:38 0 0
LeavesofGrass ?????? 08-02 08:59 -> ????? 08-02 07:38 0 0
[860] 2
LeavesofGrass ?????? 08-03 08:59 -> ?????? 08-03 08:52 0 0
LeavesofGrass ?????? 08-04 08:59 -> ?????? 08-04 08:52 0 0
[862] Liskarm ?? well.as.against@its.reactionar 1
[866] 0
[872] 0
[874] queue
[878] queue
[885] 0
[890] 993580
[891] queue
[901] Frostleaf ?? aims.their@tendencies.and 1
[908] Frostleaf ?? aims.their@tendencies.and 1
[909] 0
[914] 0
[919] 0
[928] 0
[938] 0
[948] Hibiscus ?? Communistic@by.its 1
[954] 0
[964] 0
[968] Ansel ??? now.open.fight@a.fight 2
[976] 0
[980] 0
[984] 0
[988] 0
[989] Hung ?? itself.a.Power@II.It 1
[994] queue
[1000] 0
[1001] 0
[1007] Ansel ??? now.open.fight@a.fight 2
[1009] queue
[1016] queue
[1018] Hoshiguma ?? is.high.time@that.Communists 2
[1020] 2
LeavesofGrass ?????? 07-02 08:59 -> ?????? 07-02 08:52 0 0
LeavesofGrass ?????? 07-03 08:59 -> ?????? 07-03 08:52 0 0
[1028] 2
LeavesofGrass ????? 07-05 07:38 -> ?????? 07-05 08:52 70 98306
LeavesofGrass ????? 07-06 07:38 -> ?????? 07-06 08:52 70 98306
[1038] 0
[1043] 0
[1047] queue
[1052] 2
LeavesofGrass ?????? 07-03 08:59 -> ?????? 07-03 08:52 0 0
LeavesofGrass ?????? 07-04 08:59 -> ?????? 07-04 08:52 0 0
[1061] Ansel ??? now.open.fight@a.fight 2
[1065] queue
[1074] queue
[1084] 0
[1085] 2
LeavesofGrass ????? 06-30 07:38 -> ?????? 06-30 08:52 70 98306
LeavesofGrass ????? 07-01 07:38 -> ?????? 07-01 08:52 70 98306
[1088] Purestream ?? party.itself@To.this 1
[1094] 2
LeavesofGrass ?????? 07-13 08:59 -> ?????? 07-13 08:52 0 0
LeavesofGrass ?????? 07-14 08:59 -> ?????? 07-14 08:52 0 0
[1097] -1
[1104] queue
[1113] Greyy ??? Czar.Metternich@and.Guizot 4
[1120] 2
LeavesofGrass ?????? 07-27 08:59 -> ?????? 07-27 08:52 0 0
LeavesofGrass ?????? 07-28 08:59 -> ?????? 07-28 08:52 0 0
[1127] -1
[1137] Conviction ??? end.Communists@of.various 2
[1144] 2
LeavesofGrass ????? 07-02 07:38 -> ?????? 07-02 08:52 70 98306
LeavesofGrass ????? 07-03 07:38 -> ?????? 07-03 08:52 70 98306
[1149] 2
LeavesofGrass ?????? 07-01 08:59 -> ????? 07-01 07:38 0 0
LeavesofGrass ?????? 07-02 08:59 -> ????? 07-02 07:38 0 0
[1154] Jessica ??? has.not.been@decried.as 2
[1161] 0
[1164] 0
[1171] 2
LeavesofGrass ?????? 07-30 08:59 -> ?????? 07-30 08:52 0 0
LeavesofGrass ?????? 07-31 08:59 -> ?????? 07-31 08:52 0 0
[1180] -1
[1184] 1675310
[1191] Perfumer ??? the.earlier@epochs.of 1
[1201] 1
LeavesofGrass ????? 08-04 07:38 -> ??????? 08-04 22:46 0 98306
[1207] 2
LeavesofGrass ?????? 07-26 08:59 -> ????? 07-26 07:38 0 0
LeavesofGrass ?????? 07-27 08:59 -> ????? 07-27 07:38 0 0
[1212] queue
[1217] queue
[1221] 2
LeavesofGrass ?????? 07-12 08:59 -> ?????? 07-12 08:52 0 0
LeavesofGrass ?????? 07-13 08:59 -> ?????? 07-13 08:52 0 0
[1222] 1403430
[1232] Executor ??? history.of@all.hitherto 1
[1242] -1
[1247] 0
[1255] queue
[1257] 1370670
[1264] 2
LeavesofGrass ?????? 07-24 08:59 -> ?????? 07-24 08:52 0 0
LeavesofGrass ?????? 07-25 08:59 -> ?????? 07-25 08:52 0 0
[1267] queue
[1276] 1
LeavesofGrass ?????? 08-01 08:59 -> ??????? 08-01 22:46 0 0
[1285] -1
[1292] queue
[1294] 0
[1302] 0
[1310] 2
LeavesofGrass ?????? 07-30 08:59 -> ?????? 07-30 08:52 0 0
LeavesofGrass ?????? 07-31 08:59 -> ?????? 07-31 08:52 0 0
[1320] -1
[1322] Checking privilege: 3 3 8
Rangers ?? arrangement@of.society 3
[1326] 2
LeavesofGrass ?????? 07-20 08:59 -> ?????? 07-20 08:52 0 0
LeavesofGrass ?????? 07-21 08:59 -> ?????? 07-21 08:52 0 0
[1334] 1
LeavesofGrass ?????? 07-01 08:59 -> ??????? 07-01 22:46 0 0
[1339] queue
[1347] 0
[1352] 0
[1355] 2
LeavesofGrass ?????? 07-09 08:59 -> ????? 07-09 07:38 0 0
LeavesofGrass ?????? 07-10 08:59 -> ????? 07-10 07:38 0 0
[1365] queue
[1368] 887740
[1378] 2
LeavesofGrass ?????? 07-23 08:59 -> ?????? 07-23 08:52 0 0
LeavesofGrass ?????? 07-24 08:59 -> ?????? 07-24 08:52 0 0
[1381] 0
[1391] 0
[1396] 0
[1400] 0
[1401] Gravel ?? that.each.time@ended.either 1
[1405] 0
[1407] 0
[1409] queue
[1417] FEater ??? an.uninterrupted@now.hidden 1
[1425] FEater ??? an.uninterrupted@now.hidden 1
[1432] queue
[1436] -1
[1443] Specter ??? and.plebeian@lord.and 1
[1444] -1
[1446] LeavesofGrass ?????? 07-13 08:59 -> ??????? 07-13 22:46 0 0
LeavesofGrass ??????? 07-13 22:56 -> ?????? 07-13 08:52 1511 74373
[1451] Gravel ?? that.each.time@ended.either 1
[1455] Checking privilege: 2 2 4
WaaiFu ?? French.Radicals@and.German 2
[1460] Magallan ??? existing.societies@is.the 1
[1462] Bagpipe ?? following.Manifesto@to.be 2
[1471] 2
LeavesofGrass ?????? 07-14 08:59 -> ????? 07-14 07:38 0 0
LeavesofGrass ?????? 07-15 08:59 -> ????? 07-15 07:38 0 0
[1477] 2
LeavesofGrass ?????? 07-24 08:59 -> ?????? 07-24 08:52 0 0
LeavesofGrass ?????? 07-25 08:59 -> ?????? 07-25 08:52 0 0
[1483] 2
LeavesofGrass ?????? 07-07 08:59 -> ????? 07-07 07:38 0 0
LeavesofGrass ?????? 07-08 08:59 -> ????? 07-08 07:38 0 0
[1491] 1
LeavesofGrass ??????? 07-26 22:56 -> ?????? 07-26 08:52 1511 98306
[1500] 0
[1510] 0
[1516] Sussurro ??? in.a.revolutionary@reconstitut 2
[1525] 1
[pending] LeavesofGrass ?????? 07-20 08:59 -> ????? 07-20 07:38 0 12280
[1532] -1
[1533] Greyy ??? Czar.Metternich@and.Guizot 4
[1540] 0
[1548] -1
[1555] Provence ???? face.of.the@whole.world 1
[1561] 1
LeavesofGrass ??????? 07-22 22:56 -> ?????? 07-22 08:52 1511 98306
[1567] 2
LeavesofGrass ?????? 07-30 08:59 -> ?????? 07-30 08:52 0 0
LeavesofGrass ?????? 07-31 08:59 -> ?????? 07-31 08:52 0 0
[1574] 2
LeavesofGrass ????? 07-20 07:38 -> ?????? 07-20 08:52 70 98306
LeavesofGrass ????? 07-21 07:38 -> ?????? 07-21 08:52 70 98306
[1575] ShiraYuki ?? and.Danish@languages.I 3
[1583] FEater ??? an.uninterrupted@now.hidden 1
[1588] queue
[1595] Haze ?? result.from@this.fact 1
[1596] queue
[1597] 2
LeavesofGrass ?????? 07-11 08:59 -> ?????? 07-11 08:52 0 0
LeavesofGrass ?????? 07-12 08:59 -> ?????? 07-12 08:52 0 0
[1600] 0
[1601] 0
[1605] -1
[1610] Durnar ?? adversaries@Two.things 1
[1620] 1
LeavesofGrass ??????? 07-05 22:56 -> ?????? 07-05 08:52 1511 78725
[1630] 0
[1632] 0
[1639] 1
[pending] LeavesofGrass ?????? 07-13 08:59 -> ?????? 07-13 08:52 0 1628
[1647] queue
[1649] queue
[1658] -1
[1662] queue
[1672] Checking privilege: 2 2 3
Jessica ??? has.not.been@decried.as 2
[1681] 2
LeavesofGrass ?????? 07-23 08:59 -> ?????? 07-23 08:52 0 0
LeavesofGrass ?????? 07-24 08:59 -> ?????? 07-24 08:52 0 0
[1690] 2
LeavesofGrass ????? 07-23 07:38 -> ?????? 07-23 08:52 70 98306
LeavesofGrass ????? 07-24 07:38 -> ?????? 07-24 08:52 70 98306
[1692] Hibiscus ?? Communistic@by.its 1
[1698] 2
LeavesofGrass ?????? 07-28 08:59 -> ????? 07-28 07:38 0 0
LeavesofGrass ?????? 07-29 08:59 -> ????? 07-29 07:38 0 0
[1705] -1
[1710] Durnar ?? adversaries@Two.things 1
[1715] 0
[1718] 0
[1727] 2
LeavesofGrass ?????? 07-01 08:59 -> ????? 07-01 07:38 0 0
LeavesofGrass ?????? 07-02 08:59 -> ????? 07-02 07:38 0 0
[1737] -1
[1744] Meteorite ?? European.Powers@to.be 3
[1751] 1
LeavesofGrass ?????? 06-28 08:59 -> ?????? 06-28 08:52 0 0
[1754] 0
[1764] 0
[1769] queue
[1771] Provence ???? face.of.the@whole.world 1
[1772] 2
LeavesofGrass ?????? 07-04 08:59 -> ?????? 07-04 08:52 0 0
LeavesofGrass ?????? 07-05 08:59 -> ?????? 07-05 08:52 0 0
[1777] 2
LeavesofGrass ?????? 07-09 08:59 -> ?????? 07-09 08:52 0 0
LeavesofGrass ?????? 07-10 08:59 -> ?????? 07-10 08:52 0 0
[1780] 1358070
[1781] Hoshiguma ?? is.high.time@that.Communists 2
[1786] Ceylon ?? the.contending@classes.In 1
[1795] Firewatch ??? opponents.in@power.Where 2
[1796] Checking privilege: 2 2 5
WaaiFu ?? French.Radicals@and.German 2
[1803] Hibiscus ?? Communistic@by.its 1
[1810] 2
LeavesofGrass ?????? 07-02 08:59 -> ?????? 07-02 08:52 0 0
LeavesofGrass ?????? 07-03 08:59 -> ?????? 07-03 08:52 0 0
[1812] 2
LeavesofGrass ????? 07-26 07:38 -> ?????? 07-26 08:52 70 98306
LeavesofGrass ????? 07-27 07:38 -> ?????? 07-27 08:52 70 98306
[1816] Croissant ?? French.German@Italian.Flemish 1
[1819] 0
[1820] 0
[1827] Perfumer ??? the.earlier@epochs.of 1
[1835] 1
LeavesofGrass ??????? 07-27 22:56 -> ?????? 07-27 08:52 1511 98306
[1836] Haze ?? result.from@this.fact 1
[1840] 2
LeavesofGrass ????? 07-24 07:38 -> ?????? 07-24 08:52 70 98306
LeavesofGrass ????? 07-25 07:38 -> ?????? 07-25 08:52 70 98306
[1850] Hibiscus ?? Communistic@by.its 1
[1852] Cliffheart ?? in.London.and@sketched.the 1
[1861] 2
LeavesofGrass ????? 07-29 07:38 -> ?????? 07-29 08:52 70 98306
LeavesofGrass ????? 07-30 07:38 -> ?????? 07-30 08:52 70 51381
[1869] 2
LeavesofGrass ?????? 07-23 08:59 -> ?????? 07-23 08:52 0 0
LeavesofGrass ?????? 07-24 08:59 -> ?????? 07-24 08:52 0 0
[1877] queue
[1884] 2
LeavesofGrass ?????? 06-30 08:59 -> ?????? 06-30 08:52 0 0
LeavesofGrass ?????? 07-01 08:59 -> ?????? 07-01 08:52 0 0
[1887] 0
[1892] 0
[1901] Meteorite ?? European.Powers@to.be 3
[1911] 1
LeavesofGrass ?????? 07-07 08:59 -> ??????? 07-07 22:46 0 0
[1916] 880250
[1926] Liskarm ?? well.as.against@its.reactionar 1
[1936] Plume ?? serf.guildmaster@and.journeyma 2
[1937] 29014222
[1940] queue
[1942] Meteorite ?? European.Powers@to.be 3
[1951] 18780219
[1953] queue
[1955] -1
[1961] WaaiFu ?? French.Radicals@and.German 2
[1966] 2
LeavesofGrass ????? 07-21 07:38 -> ?????? 07-21 08:52 70 98306
LeavesofGrass ????? 07-22 07:38 -> ?????? 07-22 08:52 70 98306
[1974] Haze ?? result.from@this.fact 1
[1984] 0
[1991] 0
[1999] Purestream ?? party.itself@To.this 1
[2006] Haze ?? result.from@this.fact 1
[2016] 0
[2025] 0
[2028] Leizi ?? this.spectre@Pope.and 1
[2037] 1
LeavesofGrass ?????? 07-18 08:59 -> ??????? 07-18 22:46 0 0
[2044] Nearl ?? history.we@find.almost 1
[2046] 0
[2049] 0
[2053] 0
[2056] 0
[2061] 2
LeavesofGrass ?????? 07-22 08:59 -> ?????? 07-22 08:52 0 0
LeavesofGrass ?????? 07-23 08:59 -> ?????? 07-23 08:52 0 0
[2063] 2
LeavesofGrass ?????? 07-30 08:59 -> ?????? 07-30 08:52 0 0
LeavesofGrass ?????? 07-31 08:59 -> ?????? 07-31 08:52 0 0
[2069] Hibiscus ?? Communistic@by.its 1
[2071] queue
[2081] queue
[2082] -1
[2085] Phantom ?? not.done.away@with.class 1
[2090] 2
LeavesofGrass ?????? 07-20 08:59 -> ????? 07-20 07:38 0 0
LeavesofGrass ?????? 07-21 08:59 -> ????? 07-21 07:38 0 0
[2095] 0
[2100] 0
[2103] queue
[2105] queue
[2111] -1
[2115] 2
LeavesofGrass ?????? 07-19 08:59 -> ?????? 07-19 08:52 0 0
LeavesofGrass ?????? 07-20 08:59 -> ?????? 07-20 08:52 0 0
[2122] 2
LeavesofGrass ????? 08-01 07:38 -> ?????? 08-01 08:52 70 98306
LeavesofGrass ????? 08-02 07:38 -> ?????? 08-02 08:52 70 98306
[2132] 1
LeavesofGrass ?????? 06-28 08:59 -> ????? 06-28 07:38 0 0
[2134] 2
LeavesofGrass ?????? 07-23 08:59 -> ????? 07-23 07:38 0 0
LeavesofGrass ?????? 07-24 08:59 -> ????? 07-24 07:38 0 0
[2135] queue
[2139] -1
[2145] queue
[2155] Haze ?? result.from@this.fact 1
[2161] -1
[2164] -1
[2165] 2
LeavesofGrass ?????? 07-25 08:59 -> ?????? 07-25 08:52 0 0
LeavesofGrass ?????? 07-26 08:59 -> ?????? 07-26 08:52 0 0
[2169] 0
[2173] 2
LeavesofGrass ?????? 07-31 08:59 -> ????? 07-31 07:38 0 0
LeavesofGrass ?????? 08-01 08:59 -> ????? 08-01 07:38 0 0
[2174] -1
[2175] Flamebringer ?? nationalities@have.assembled 2
[2180] Nightmare ?? policespies@Where.is 3
[2184] -1
[2186] queue
[2188] 0
[2192] -1
[2196] 0
[2198] 2
LeavesofGrass ?????? 07-18 08:59 -> ?????? 07-18 08:52 0 0
LeavesofGrass ?????? 07-19 08:59 -> ?????? 07-19 08:52 0 0
[2200] 2
LeavesofGrass ????? 07-21 07:38 -> ?????? 07-21 08:52 70 98306
LeavesofGrass ????? 07-22 07:38 -> ?????? 07-22 08:52 70 98306
[2208] -1
[2218] 2
LeavesofGrass ????? 07-28 07:38 -> ?????? 07-28 08:52 70 98306
LeavesofGrass ????? 07-29 07:38 -> ?????? 07-29 08:52 70 98306
[2222] 2
LeavesofGrass ?????? 07-17 08:59 -> ?????? 07-17 08:52 0 0
LeavesofGrass ?????? 07-18 08:59 -> ?????? 07-18 08:52 0 0
[2226] 0
[2233] 0
[2236] 2
LeavesofGrass ????? 08-02 07:38 -> ?????? 08-02 08:52 70 98306
LeavesofGrass ????? 08-03 07:38 -> ?????? 08-03 08:52 70 85731
[2246] 2
LeavesofGrass ?????? 06-28 08:59 -> ?????? 06-28 08:52 0 0
LeavesofGrass ?????? 06-29 08:59 -> ?????? 06-29 08:52 0 0
[2252] ShiraYuki ?? and.Danish@languages.I 3
[2260] Snowsant ?? new.forms.of@struggle.in 2
[2263] Ceylon ?? the.contending@classes.In 1
[2265] 0
[2273] 0
[2275] queue
[2280] 0
[2282] 0
[2284] 1
LeavesofGrass ????? 06-28 07:38 -> ?????? 06-28 08:52 70 78905
[2291] 0
[2293] 0
[2297] Manticore ?? not.hurled@back.the 2
[2305] 0
[2310] 0
[2314] Manticore ?? not.hurled@back.the 2
[2324] 2
LeavesofGrass ?????? 07-31 08:59 -> ?????? 07-31 08:52 0 0
LeavesofGrass ?????? 08-01 08:59 -> ?????? 08-01 08:52 0 0
[2326] queue
[2330] Silence ?? stood.in.constant@opposition.t 1
[2331] 0
[2341] 0
[2346] Jessica ??? has.not.been@decried.as 2
[2349] 0
[2351] 0
[2355] WaaiFu ?? French.Radicals@and.German 2
[2358] 2
LeavesofGrass ?????? 07-11 08:59 -> ?????? 07-11 08:52 0 0
LeavesofGrass ?????? 07-12 08:59 -> ?????? 07-12 08:52 0 0
[2368] 2
LeavesofGrass ?????? 07-03 08:59 -> ?????? 07-03 08:52 0 0
LeavesofGrass ?????? 07-04 08:59 -> ?????? 07-04 08:52 0 0
[2370] 235200
[2378] queue
[2384] 0
[2390] 0
[2398] 2
LeavesofGrass ????? 07-13 07:38 -> ?????? 07-13 08:52 70 74373
LeavesofGrass ????? 07-14 07:38 -> ?????? 07-14 08:52 70 98306
[2400] 2
LeavesofGrass ?????? 07-17 08:59 -> ?????? 07-17 08:52 0 0
LeavesofGrass ?????? 07-18 08:59 -> ?????? 07-18 08:52 0 0
[2401] 2
LeavesofGrass ?????? 07-31 08:59 -> ????? 07-31 07:38 0 0
LeavesofGrass ?????? 08-01 08:59 -> ????? 08-01 07:38 0 0
[2407] -1
[2411] WaaiFu ?? French.Radicals@and.German 2
[2417] 2
LeavesofGrass ?????? 07-04 08:59 -> ?????? 07-04 08:52 0 0
LeavesofGrass ?????? 07-05 08:59 -> ?????? 07-05 08:52 0 0
[2423] 2
LeavesofGrass ?????? 07-26 08:59 -> ?????? 07-26 08:52 0 0
LeavesofGrass ?????? 07-27 08:59 -> ?????? 07-27 08:52 0 0
[2424] queue
[2434] 2
LeavesofGrass ?????? 07-29 08:59 -> ????? 07-29 07:38 0 0
LeavesofGrass ?????? 07-30 08:59 -> ????? 07-30 07:38 0 0
[2439] queue
[2442] queue
[2451] 0
[2457] 0
[2467] 1
LeavesofGrass ??????? 06-28 22:56 -> ?????? 06-28 08:52 1511 78905
[2477] Jessica ??? has.not.been@decried.as 2
[2479] 0
[2481] 0
[2490] Earthspirit ?? I.Communism@is.already 3
[2498] 2
LeavesofGrass ?????? 07-22 08:59 -> ?????? 07-22 08:52 0 0
LeavesofGrass ?????? 07-23 08:59 -> ?????? 07-23 08:52 0 0
[2499] 0
[2500] Platinum ?? rank.In.ancient@Rome.we 2
[2507] 2
LeavesofGrass ????? 07-20 07:38 -> ????? 07-20 07:38 0 98306
LeavesofGrass ????? 07-21 07:38 -> ????? 07-21 07:38 0 98306
[2511] 2
LeavesofGrass ?????? 07-20 08:59 -> ?????? 07-20 08:52 0 0
LeavesofGrass ?????? 07-21 08:59 -> ?????? 07-21 08:52 0 0
[2520] 1
LeavesofGrass ?????? 07-05 08:59 -> ??????? 07-05 22:46 0 0
[2527] 0
[2537] 0
[2547] 0
[2551] 0
[2559] 2
LeavesofGrass ?????? 07-05 08:59 -> ?????? 07-05 08:52 0 0
LeavesofGrass ?????? 07-06 08:59 -> ?????? 07-06 08:52 0 0
[2564] Checking privilege: 2 2 8
Platinum ?? each.other@Bourgeoisie.and 2
[2566] Ifrit ???? one.another@carried.on 2
[2567] 0
[2573] -1
[2583] queue
[2588] 1
[pending] LeavesofGrass ?????? 07-03 08:59 -> ?????? 07-03 08:52 0 22385
[2589] 0
[2597] 2
LeavesofGrass ????? 07-29 07:38 -> ?????? 07-29 08:52 70 98306
LeavesofGrass ????? 07-30 07:38 -> ?????? 07-30 08:52 70 51381
[2599] Shining ?? the.Spectre@of.Communism 2
[2606] queue
[2607] queue
[2611] 2
LeavesofGrass ?????? 07-16 08:59 -> ?????? 07-16 08:52 0 0
LeavesofGrass ?????? 07-17 08:59 -> ?????? 07-17 08:52 0 0
[2613] 2
LeavesofGrass ?????? 07-18 08:59 -> ?????? 07-18 08:52 0 0
LeavesofGrass ?????? 07-19 08:59 -> ?????? 07-19 08:52 0 0
[2621] queue
[2631] 2
LeavesofGrass ?????? 07-07 08:59 -> ????? 07-07 07:38 0 0
LeavesofGrass ?????? 07-08 08:59 -> ????? 07-08 07:38 0 0
[2639] 2
LeavesofGrass ?????? 07-05 08:59 -> ?????? 07-05 08:52 0 0
LeavesofGrass ?????? 07-06 08:59 -> ?????? 07-06 08:52 0 0
[2643] Leizi ?? this.spectre@Pope.and 1
[2644] queue
[2650] queue
[2655] 2
LeavesofGrass ?????? 07-30 08:59 -> ?????? 07-30 08:52 0 0
LeavesofGrass ?????? 07-31 08:59 -> ?????? 07-31 08:52 0 0
[2661] 0
[2667] 0
[2675] 2
LeavesofGrass ?????? 07-11 08:59 -> ????? 07-11 07:38 0 0
LeavesofGrass ?????? 07-12 08:59 -> ????? 07-12 07:38 0 0
[2679] 0
[2682] 2
LeavesofGrass ????? 07-22 07:38 -> ?????? 07-22 08:52 70 98306
LeavesofGrass ????? 07-23 07:38 -> ?????? 07-23 08:52 70 98306
[2687] queue
[2693] -1
[2702] -1
[2709] 2
LeavesofGrass ?????? 07-01 08:59 -> ?????? 07-01 08:52 0 0
LeavesofGrass ?????? 07-02 08:59 -> ?????? 07-02 08:52 0 0
[2714] 1
[pending] LeavesofGrass ?????? 07-06 08:59 -> ?????? 07-06 08:52 0 11455
[2722] 2
LeavesofGrass ?????? 07-18 08:59 -> ?????? 07-18 08:52 0 0
LeavesofGrass ?????? 07-19 08:59 -> ?????? 07-19 08:52 0 0
[2724] 2
LeavesofGrass ?????? 07-29 08:59 -> ?????? 07-29 08:52 0 0
LeavesofGrass ?????? 07-30 08:59 -> ?????? 07-30 08:52 0 0
[2733] -1
[2741] 2
LeavesofGrass ?????? 07-02 08:59 -> ????? 07-02 07:38 0 0
LeavesofGrass ?????? 07-03 08:59 -> ????? 07-03 07:38 0 0
[2748] queue
[2751] Lappland ???? manifold.gradation@of.social 1
[2756] 0
[2764] 0
[2770] queue
[2779] 2
LeavesofGrass ?????? 07-23 08:59 -> ?????? 07-23 08:52 0 0
LeavesofGrass ?????? 07-24 08:59 -> ?????? 07-24 08:52 0 0
[2782] 2
LeavesofGrass ?????? 07-16 08:59 -> ?????? 07-16 08:52 0 0
LeavesofGrass ?????? 07-17 08:59 -> ?????? 07-17 08:52 0 0
[2792] 0
[2800] 0
[2804] queue
[2813] -1
[2823] 2
LeavesofGrass ????? 07-16 07:38 -> ?????? 07-16 08:52 70 98306
LeavesofGrass ????? 07-17 07:38 -> ?????? 07-17 08:52 70 98306
[2825] queue
[2830] 0
[2837] 0
[2843] Haze ?? result.from@this.fact 1
[2846] queue
[2854] 0
[2860] 0
[2862] 2
LeavesofGrass ?????? 07-26 08:59 -> ?????? 07-26 08:52 0 0
LeavesofGrass ?????? 07-27 08:59 -> ?????? 07-27 08:52 0 0
[2864] queue
[2870] 2
LeavesofGrass ?????? 06-30 08:59 -> ?????? 06-30 08:52 0 0
LeavesofGrass ?????? 07-01 08:59 -> ?????? 07-01 08:52 0 0
[2874] queue
[2875] BluePoison ?? that.has.sprouted@from.the 1
[2882] 2
LeavesofGrass ?????? 07-17 08:59 -> ?????? 07-17 08:52 0 0
LeavesofGrass ?????? 07-18 08:59 -> ?????? 07-18 08:52 0 0
[2892] Bibeak ?? the.bourgeoisie@possesses.howe 1
[2893] 2
LeavesofGrass ?????? 07-13 08:59 -> ?????? 07-13 08:52 0 0
LeavesofGrass ?????? 07-14 08:59 -> ?????? 07-14 08:52 0 0
[2899] Angelina ???? two.great.classes@directly.fac 1
[2901] queue
[2905] -1
[2914] GreyThroat ?? Freeman.and@slave.patrician 1
[2923] 0
[2931] queue
[2932] 0
[2942] 0
[2952] 2
LeavesofGrass ?????? 07-12 08:59 -> ?????? 07-12 08:52 0 0
LeavesofGrass ?????? 07-13 08:59 -> ?????? 07-13 08:52 0 0
[2955] queue
[2964] ShiraYuki ?? and.Danish@languages.I 3
[2974] Croissant ?? French.German@Italian.Flemish 1
[2982] Nightmare ?? policespies@Where.is 3
[2989] 2
LeavesofGrass ?????? 06-30 08:59 -> ?????? 06-30 08:52 0 0
LeavesofGrass ?????? 07-01 08:59 -> ?????? 07-01 08:52 0 0
[2990] queue
[2999] WaaiFu ?? French.Radicals@and.German 2
[3004] Shining ?? the.Spectre@of.Communism 2
[3011] Estelle ???? more.splitting@up.into 3
[3018] queue
[3020] -1
[3023] queue
[3029] Grani ??? serfs.of.the@Middle.Ages 1
[3030] queue
[3033] 0
[3034] 0
[3035] Chen ?? into.various@orders.a 2
[3037] Haze ?? result.from@this.fact 1
[3040] queue
[3046] 0
[3056] 0
[3058] Angelina ???? two.great.classes@directly.fac 1
[3062] queue
[3071] 2
LeavesofGrass ?????? 07-12 08:59 -> ????? 07-12 07:38 0 0
LeavesofGrass ?????? 07-13 08:59 -> ????? 07-13 07:38 0 0
[3075] 2
LeavesofGrass ?????? 07-16 08:59 -> ?????? 07-16 08:52 0 0
LeavesofGrass ?????? 07-17 08:59 -> ?????? 07-17 08:52 0 0
[3082] 2
LeavesofGrass ?????? 07-09 08:59 -> ?????? 07-09 08:52 0 0
LeavesofGrass ?????? 07-10 08:59 -> ?????? 07-10 08:52 0 0
[3083] Perfumer ??? the.earlier@epochs.of 1
[3092] queue
[3099] Bagpipe ?? following.Manifesto@to.be 2
[3102] queue
[3107] 2
LeavesofGrass ?????? 07-21 08:59 -> ????? 07-21 07:38 0 0
LeavesofGrass ?????? 07-22 08:59 -> ????? 07-22 07:38 0 0
[3115] -1
[3124] queue
[3127] 0
[3129] 0
[3133] Nightmare ?? policespies@Where.is 3
[3140] queue
[3143] Bison ?? classes.again@subordinate.grad 1
[3150] -1
[3155] 1
LeavesofGrass ??????? 07-19 22:56 -> ?????? 07-19 08:52 1511 98306
[3158] -1
[3167] queue
[3170] -1
[3179] 0
[3183] queue
[3191] Spot ?? with.a.Manifesto@of.the 1
[3196] Popukar ??? PARTY.A.spectre@is.haunting 4
[3202] Cutter ?? antagonisms@Society.as 1
[3207] 2
LeavesofGrass ?????? 07-18 08:59 -> ?????? 07-18 08:52 0 0
LeavesofGrass ?????? 07-19 08:59 -> ?????? 07-19 08:52 0 0
[3209] -1
[3211] queue
[3218] Mostima ???? of.the.earliest@towns.From 2
[3226] Meteor ?? but.established@new.classes 1
[3231] 0
[3235] 2
LeavesofGrass ?????? 07-14 08:59 -> ?????? 07-14 08:52 0 0
LeavesofGrass ?????? 07-15 08:59 -> ?????? 07-15 08:52 0 0
[3238] queue
[3241] 2
LeavesofGrass ?????? 07-18 08:59 -> ?????? 07-18 08:52 0 0
LeavesofGrass ?????? 07-19 08:59 -> ?????? 07-19 08:52 0 0
[3248] -1
[3258] 2
LeavesofGrass ?????? 07-21 08:59 -> ????? 07-21 07:38 0 0
LeavesofGrass ?????? 07-22 08:59 -> ????? 07-22 07:38 0 0
[3261] 2
LeavesofGrass ?????? 07-10 08:59 -> ?????? 07-10 08:52 0 0
LeavesofGrass ?????? 07-11 08:59 -> ?????? 07-11 08:52 0 0
[3267] 2
LeavesofGrass ?????? 07-16 08:59 -> ????? 07-16 07:38 0 0
LeavesofGrass ?????? 07-17 08:59 -> ????? 07-17 07:38 0 0
[3272] queue
[3279] Meteorite ?? European.Powers@to.be 3
[3286] queue
[3288] 2
LeavesofGrass ????? 07-12 07:38 -> ?????? 07-12 08:52 70 98306
LeavesofGrass ????? 07-13 07:38 -> ?????? 07-13 08:52 70 74373
[3297] 2
LeavesofGrass ?????? 07-16 08:59 -> ?????? 07-16 08:52 0 0
LeavesofGrass ?????? 07-17 08:59 -> ?????? 07-17 08:52 0 0
[3306] 2
LeavesofGrass ?????? 06-30 08:59 -> ????? 06-30 07:38 0 0
LeavesofGrass ?????? 07-01 08:59 -> ????? 07-01 07:38 0 0
[3310] 0
[3314] 0
[3315] 0
[3318] 2
LeavesofGrass ?????? 07-29 08:59 -> ????? 07-29 07:38 0 0
LeavesofGrass ?????? 07-30 08:59 -> ????? 07-30 07:38 0 0
[3324] 2
LeavesofGrass ?????? 07-09 08:59 -> ?????? 07-09 08:52 0 0
LeavesofGrass ?????? 07-10 08:59 -> ?????? 07-10 08:52 0 0
[3332] 33095433
[3338] Saria ??? in.the.common@ruin.of 1
[3347] 0
[3357] 0
[3362] Checking privilege: 2 2 5
Platinum ?? each.other@Bourgeoisie.and 2
[3365] 0
[3372] 2
LeavesofGrass ?????? 07-27 08:59 -> ?????? 07-27 08:52 0 0
LeavesofGrass ?????? 07-28 08:59 -> ?????? 07-28 08:52 0 0
[3381] Shining ?? the.Spectre@of.Communism 2
[3385] queue
[3389] -1
[3395] 0
[3401] 2
INSCRIPTIONS ?????? 06-19 16:24 -> ????? 06-20 14:38 162 70655
INSCRIPTIONS ?????? 06-20 16:24 -> ????? 06-21 14:38 162 70655
[3409] 0
[3418] -1
[3419] queue
[3421] 0
[3423] 0
[3430] -1
[3433] 2
INSCRIPTIONS ?????? 08-06 16:24 -> ????? 08-07 14:38 162 70655
INSCRIPTIONS ?????? 08-07 16:24 -> ????? 08-08 14:38 162 70655
[3443] Ansel ??? now.open.fight@a.fight 2
[3451] 4
INSCRIPTIONS ?????? 07-16 16:24 -> ?????? 07-16 16:24 0 70655
INSCRIPTIONS ?????? 07-17 16:24 -> ?????? 07-17 16:24 0 70655
LeavesofGrass ?????? 07-17 08:59 -> ?????? 07-17 08:52 0 0
LeavesofGrass ?????? 07-16 08:59 -> ?????? 07-16 08:52 0 0
[3457] queue
[3467] 4
INSCRIPTIONS ?????? 07-28 16:24 -> ?????? 07-28 16:24 0 70655
INSCRIPTIONS ?????? 07-29 16:24 -> ?????? 07-29 16:24 0 70655
LeavesofGrass ?????? 07-29 08:59 -> ?????? 07-29 08:52 0 0
LeavesofGrass ?????? 07-28 08:59 -> ?????? 07-28 08:52 0 0
[3469] 2
INSCRIPTIONS ?????? 06-20 16:24 -> ??? 06-21 06:40 0 70655
INSCRIPTIONS ?????? 06-21 16:24 -> ??? 06-22 06:40 0 70655
[3472] 2
INSCRIPTIONS ?????? 08-14 16:24 -> ????? 08-15 14:38 162 70655
INSCRIPTIONS ?????? 08-15 16:24 -> ????? 08-16 14:38 162 70655
[3481] Checking privilege: 4 4 5
Popukar ??? and.Chinese@markets.the 4
[3491] Shaw ?? new.conditions@of.oppression 1
[3494] queue
[3504] Beehunter ?? these.burgesses@the.first 2
[3510] 2
INSCRIPTIONS ?????? 08-17 16:24 -> ????? 08-18 14:38 162 70655
INSCRIPTIONS ?????? 08-18 16:24 -> ????? 08-19 14:38 162 70655
[3517] -1
[3525] 0
[3527] -1
[3535] -1
[3538] 0
[3542] 0
[3544] 1
INSCRIPTIONS ??? 07-25 06:46 -> ????? 07-25 14:38 850 70655
[3554] queue
[3555] 0
[3565] Nightingale ?? a.whole.is@more.and 1
[3567] 2
INSCRIPTIONS ?????? 06-22 16:24 -> ?????? 06-22 16:24 0 70655
INSCRIPTIONS ?????? 06-21 16:24 -> ?????? 06-21 16:24 0 70655
[3570] queue
[3580] -1
[3581] 1236384
[3589] 0
[3591] 0
[3596] 0
[3603] Leizi ?? this.spectre@Pope.and 1
[3605] 0
[3615] 0
[3624] 0
[3626] 2
LeavesofGrass ????? 07-09 07:38 -> ?????? 07-09 08:52 70 98306
LeavesofGrass ????? 07-10 07:38 -> ?????? 07-10 08:52 70 94946
[3630] Specter ??? and.plebeian@lord.and 1
[3634] 4
INSCRIPTIONS ?????? 07-17 16:24 -> ?????? 07-17 16:24 0 70655
INSCRIPTIONS ?????? 07-18 16:24 -> ?????? 07-18 16:24 0 70655
LeavesofGrass ?????? 07-18 08:59 -> ?????? 07-18 08:52 0 0
LeavesofGrass ?????? 07-17 08:59 -> ?????? 07-17 08:52 0 0
[3642] Shining ?? the.Spectre@of.Communism 2
[3647] queue
[3653] 0
[3661] 0
[3665] 2
INSCRIPTIONS ?????? 08-10 16:24 -> ?????? 08-10 16:24 0 70655
INSCRIPTIONS ?????? 08-09 16:24 -> ?????? 08-09 16:24 0 70655
[3667] queue
[3674] 2
INSCRIPTIONS ?????? 08-19 16:24 -> ?????? 08-19 16:24 0 70655
INSCRIPTIONS ?????? 08-18 16:24 -> ?????? 08-18 16:24 0 70655
[3676] -1
[3684] -1
[3689] Checking privilege: 2 2 5
Vulcan ?? commodities@generally.gave 2
[3691] 0
[3695] 9742700
[3700] -1
[3702] 2
LeavesofGrass ????? 07-31 07:38 -> ?????? 07-31 08:52 70 98306
LeavesofGrass ????? 08-01 07:38 -> ?????? 08-01 08:52 70 98306
[3707] queue
[3715] 1
INSCRIPTIONS ????????? 08-05 19:22 -> ?????? 08-05 16:24 1544 70655
[3723] 1418620
[3733] Ceylon ?? the.contending@classes.In 1
[3739] Mayer ?? colonisation@of.America 1
[3742] Checking privilege: 1 1 2
Haze ?? result.from@this.fact 1
[3748] 4
INSCRIPTIONS ?????? 07-11 16:24 -> ?????? 07-11 16:24 0 70655
INSCRIPTIONS ?????? 07-12 16:24 -> ?????? 07-12 16:24 0 70655
LeavesofGrass ?????? 07-12 08:59 -> ?????? 07-12 08:52 0 0
LeavesofGrass ?????? 07-11 08:59 -> ?????? 07-11 08:52 0 0
[3749] -1
[3753] Frostleaf ?? aims.their@tendencies.and 1
[3761] Beagle ?? Europethe.spectre@of.Communism 4
[3763] -1
[3773] 4
INSCRIPTIONS ?????? 07-12 16:24 -> ????? 07-13 14:38 162 70655
LeavesofGrass ?????? 07-13 08:59 -> ????? 07-13 07:38 0 0
LeavesofGrass ?????? 07-12 08:59 -> ????? 07-12 07:38 0 0
INSCRIPTIONS ?????? 07-13 16:24 -> ????? 07-14 14:38 162 70655
[3779] 0
[3785] 4
INSCRIPTIONS ?????? 07-06 16:24 -> ????? 07-07 14:38 162 70655
LeavesofGrass ?????? 07-07 08:59 -> ????? 07-07 07:38 0 0
LeavesofGrass ?????? 07-06 08:59 -> ????? 07-06 07:38 0 0
INSCRIPTIONS ?????? 07-07 16:24 -> ????? 07-08 14:38 162 70655
[3793] -1
[3803] BluePoison ?? that.has.sprouted@from.the 1
[3810] Firewatch ??? opponents.in@power.Where 2
[3817] 4
INSCRIPTIONS ?????? 07-13 16:24 -> ????? 07-14 14:38 162 70655
LeavesofGrass ?????? 07-13 08:59 -> ????? 07-13 07:38 0 0
LeavesofGrass ?????? 07-14 08:59 -> ????? 07-14 07:38 0 0
INSCRIPTIONS ?????? 07-14 16:24 -> ????? 07-15 14:38 162 70655
[3820] Plume ?? serf.guildmaster@and.journeyma 2
[3828] 1
INSCRIPTIONS ????????? 06-24 19:22 -> ?????? 06-24 16:24 1544 70655
[3838] 0
[3842] 1
INSCRIPTIONS ??? 07-16 06:46 -> ?????? 07-15 16:24 688 70655
[3843] queue
[3852] 2
INSCRIPTIONS ?????? 06-26 16:24 -> ????? 06-27 14:38 162 70655
INSCRIPTIONS ?????? 06-27 16:24 -> ????? 06-28 14:38 162 70655
[3854] 4
INSCRIPTIONS ?????? 07-01 16:24 -> ?????? 07-01 16:24 0 70655
INSCRIPTIONS ?????? 07-02 16:24 -> ?????? 07-02 16:24 0 70655
LeavesofGrass ?????? 07-02 08:59 -> ?????? 07-02 08:52 0 0
LeavesofGrass ?????? 07-01 08:59 -> ?????? 07-01 08:52 0 0
[3862] 4
INSCRIPTIONS ?????? 07-11 16:24 -> ?????? 07-11 16:24 0 70655
INSCRIPTIONS ?????? 07-12 16:24 -> ?????? 07-12 16:24 0 70655
LeavesofGrass ?????? 07-12 08:59 -> ?????? 07-12 08:52 0 0
LeavesofGrass ?????? 07-11 08:59 -> ?????? 07-11 08:52 0 0
[3867] Manticore ?? not.hurled@back.the 2
[3870] 0
[3877] queue
[3885] 4
INSCRIPTIONS ?????? 07-07 16:24 -> ?????? 07-07 16:24 0 70655
INSCRIPTIONS ?????? 07-08 16:24 -> ?????? 07-08 16:24 0 70655
LeavesofGrass ?????? 07-08 08:59 -> ?????? 07-08 08:52 0 0
LeavesofGrass ?????? 07-07 08:59 -> ?????? 07-07 08:52 0 0
[3891] Purestream ?? party.itself@To.this 1
[3896] 2
INSCRIPTIONS ?????? 08-17 16:24 -> ?????? 08-17 16:24 0 70655
INSCRIPTIONS ?????? 08-16 16:24 -> ?????? 08-16 16:24 0 70655
[3897] 24551046
[3898] 4
INSCRIPTIONS ?????? 06-30 16:24 -> ????? 07-01 14:38 162 70655
LeavesofGrass ?????? 06-30 08:59 -> ????? 06-30 07:38 0 0
LeavesofGrass ?????? 07-01 08:59 -> ????? 07-01 07:38 0 0
INSCRIPTIONS ?????? 07-01 16:24 -> ????? 07-02 14:38 162 70655
[3900] Sussurro ??? in.a.revolutionary@reconstitut 2
[3901] Checking privilege: 2 2 3
Sussurro ?? to.industry@an.impulse 2
[3911] 4
INSCRIPTIONS ?????? 07-24 16:24 -> ?????? 07-24 16:24 0 70655
INSCRIPTIONS ?????? 07-25 16:24 -> ?????? 07-25 16:24 0 70655
LeavesofGrass ?????? 07-25 08:59 -> ?????? 07-25 08:52 0 0
LeavesofGrass ?????? 07-24 08:59 -> ?????? 07-24 08:52 0 0
[3914] 1319976
[3919] Ptilopsis ??? this.distinctive@feature.it 2
[3921] Flamebringer ?? nationalities@have.assembled 2
[3923] 0
[3930] ProjeKTRed ?? everywhere@a.complicated 1
[3933] 4
INSCRIPTIONS ?????? 07-16 16:24 -> ?????? 07-16 16:24 0 70655
INSCRIPTIONS ?????? 07-17 16:24 -> ?????? 07-17 16:24 0 70655
LeavesofGrass ?????? 07-17 08:59 -> ?????? 07-17 08:52 0 0
LeavesofGrass ?????? 07-16 08:59 -> ?????? 07-16 08:52 0 0
[3939] 4
INSCRIPTIONS ?????? 07-21 16:24 -> ?????? 07-21 16:24 0 70655
INSCRIPTIONS ?????? 07-22 16:24 -> ?????? 07-22 16:24 0 70655
LeavesofGrass ?????? 07-22 08:59 -> ?????? 07-22 08:52 0 0
LeavesofGrass ?????? 07-21 08:59 -> ?????? 07-21 08:52 0 0
[3945] Perfumer ??? the.earlier@epochs.of 1
[3950] 4
INSCRIPTIONS ?????? 07-11 16:24 -> ?????? 07-11 16:24 0 70655
INSCRIPTIONS ?????? 07-12 16:24 -> ?????? 07-12 16:24 0 70655
LeavesofGrass ?????? 07-12 08:59 -> ?????? 07-12 08:52 0 0
LeavesofGrass ?????? 07-11 08:59 -> ?????? 07-11 08:52 0 0
[3960] 4
INSCRIPTIONS ?????? 07-09 16:24 -> ????? 07-10 14:38 162 70655
LeavesofGrass ?????? 07-09 08:59 -> ????? 07-09 07:38 0 0
LeavesofGrass ?????? 07-10 08:59 -> ????? 07-10 07:38 0 0
INSCRIPTIONS ?????? 07-10 16:24 -> ????? 07-11 14:38 162 70655
[3961] 1
LeavesofGrass ????? 06-28 07:38 -> ?????? 06-28 08:52 70 78905
[3965] queue
[3967] Bibeak ?? the.bourgeoisie@possesses.howe 1
[3971] queue
[3979] -1
[3986] Steward ???? society.at@large.or 1
[3990] 8886136
[3991] 0
[3996] 1
INSCRIPTIONS ?????? 06-14 16:24 -> ?????? 06-14 16:24 0 70655
[3997] Hibiscus ?? Communistic@by.its 1
[4005] 0
[4011] -1
[4015] 13075550
[4016] 4
INSCRIPTIONS ?????? 07-01 16:24 -> ?????? 07-01 16:24 0 70655
INSCRIPTIONS ?????? 07-02 16:24 -> ?????? 07-02 16:24 0 70655
LeavesofGrass ?????? 07-02 08:59 -> ?????? 07-02 08:52 0 0
LeavesofGrass ?????? 07-01 08:59 -> ?????? 07-01 08:52 0 0
[4017] Shaw ?? new.conditions@of.oppression 1
[4019] -1
[4024] Steward ???? society.at@large.or 1
[4029] queue
[4032] 4
INSCRIPTIONS ?????? 07-24 16:24 -> ????? 07-25 14:38 162 70655
LeavesofGrass ?????? 07-25 08:59 -> ????? 07-25 07:38 0 0
LeavesofGrass ?????? 07-24 08:59 -> ????? 07-24 07:38 0 0
INSCRIPTIONS ?????? 07-25 16:24 -> ????? 07-26 14:38 162 70655
[4040] 3355112
[4050] queue
[4056] 0
[4060] Glaucus ???? the.increase@in.the 2
[4067] 0
[4069] -1
[4076] Exusiai ??? of.America@the.rounding 1
[4082] 2
INSCRIPTIONS ?????? 08-16 16:24 -> ??? 08-17 06:40 0 70655
INSCRIPTIONS ?????? 08-17 16:24 -> ??? 08-18 06:40 0 70655
[4085] Purestream ?? party.itself@To.this 1
[4086] 0
[4087] 4
INSCRIPTIONS ?????? 07-24 16:24 -> ????? 07-25 14:38 162 70655
LeavesofGrass ?????? 07-25 08:59 -> ????? 07-25 07:38 0 0
LeavesofGrass ?????? 07-24 08:59 -> ????? 07-24 07:38 0 0
INSCRIPTIONS ?????? 07-25 16:24 -> ????? 07-26 14:38 162 70655
[4091] 0
[4092] 0
[4094] -1
[4103] Phantom ?? not.done.away@with.class 1
[4104] Skyfire ?? published.in@the.English 1
[4106] Frostleaf ?? aims.their@tendencies.and 1
[4112] 4
INSCRIPTIONS ?????? 07-30 16:24 -> ?????? 07-30 16:24 0 70655
INSCRIPTIONS ?????? 07-31 16:24 -> ?????? 07-31 16:24 0 59193
LeavesofGrass ?????? 07-31 08:59 -> ?????? 07-31 08:52 0 0
LeavesofGrass ?????? 07-30 08:59 -> ?????? 07-30 08:52 0 0
[4117] queue
[4122] Checking privilege: 3 3 10
Meteorite ?? thereby.to@the.revolutionary 3
[4126] Elysium ?? has.simplified@the.class 3
[4129] queue
[4132] Cutter ?? antagonisms@Society.as 1
[4140] 2
LeavesofGrass ????? 07-09 07:38 -> ?????? 07-09 08:52 70 98306
LeavesofGrass ????? 07-10 07:38 -> ?????? 07-10 08:52 70 94946
[4144] 0
[4145] 0
[4149] 0
[4150] 2
LeavesofGrass ????? 07-28 07:38 -> ?????? 07-28 08:52 70 98306
LeavesofGrass ????? 07-29 07:38 -> ?????? 07-29 08:52 70 98306
[4160] 0
[4164] 0
[4165] 4
INSCRIPTIONS ?????? 07-18 16:24 -> ?????? 07-18 16:24 0 70655
INSCRIPTIONS ?????? 07-19 16:24 -> ?????? 07-19 16:24 0 70655
LeavesofGrass ?????? 07-19 08:59 -> ?????? 07-19 08:52 0 0
LeavesofGrass ?????? 07-18 08:59 -> ?????? 07-18 08:52 0 0
[4171] Flamebringer ?? nationalities@have.assembled 2
[4177] 1533330
[4183] 2
INSCRIPTIONS ?????? 06-17 16:24 -> ????? 06-18 14:38 162 70655
INSCRIPTIONS ?????? 06-18 16:24 -> ????? 06-19 14:38 162 70655
[4184] -1
[4194] queue
[4203] 0
[4210] queue
[4217] -1
[4224] 959770
[4227] Spot ?? with.a.Manifesto@of.the 1
[4233] 1
INSCRIPTIONS ????????? 06-18 19:22 -> ?????? 06-18 16:24 1544 70655
[4236] Dobermann ?? in.a.word.oppressor@and.oppres 1
[4246] queue
[4253] 2098386
[4259] 0
[4265] 0
[4269] 0
[4271] Sussurro ?? to.industry@an.impulse 2
[4280] -1
[4288] 4
INSCRIPTIONS ?????? 07-04 16:24 -> ?????? 07-04 16:24 0 70655
INSCRIPTIONS ?????? 07-05 16:24 -> ?????? 07-05 16:24 0 70655
LeavesofGrass ?????? 07-05 08:59 -> ?????? 07-05 08:52 0 0
LeavesofGrass ?????? 07-04 08:59 -> ?????? 07-04 08:52 0 0
[4298] 0
[4302] 0
[4310] queue
[4317] queue
[4323] 0
[4332] -1
[4341] 4
INSCRIPTIONS ?????? 07-28 16:24 -> ?????? 07-28 16:24 0 70655
INSCRIPTIONS ?????? 07-29 16:24 -> ?????? 07-29 16:24 0 70655
LeavesofGrass ?????? 07-29 08:59 -> ?????? 07-29 08:52 0 0
LeavesofGrass ?????? 07-28 08:59 -> ?????? 07-28 08:52 0 0
[4342] 8291216
[4348] Skadi ??? slaves.in.the@Middle.Ages 2
[4351] 4
INSCRIPTIONS ?????? 06-30 16:24 -> ?????? 06-30 16:24 0 70655
INSCRIPTIONS ?????? 07-01 16:24 -> ?????? 07-01 16:24 0 70655
LeavesofGrass ?????? 07-01 08:59 -> ?????? 07-01 08:52 0 0
LeavesofGrass ?????? 06-30 08:59 -> ?????? 06-30 08:52 0 0
[4352] 1
INSCRIPTIONS ????????? 07-21 19:22 -> ??? 07-22 06:40 856 70655
[4353] queue
[4362] Cutter ?? antagonisms@Society.as 1
[4366] 1400814
[4373] 0
[4376] 0
[4382] 1
INSCRIPTIONS ????????? 08-19 19:22 -> ?????? 08-19 16:24 1544 70655
[4384] 2
[success] INSCRIPTIONS ????????? 06-15 19:22 -> ?????? 06-15 16:24 1544 2173
[success] INSCRIPTIONS ????????? 08-14 19:22 -> ????? 08-15 14:38 1706 14391
[4392] -1
[4399] 4
INSCRIPTIONS ?????? 07-23 16:24 -> ?????? 07-23 16:24 0 57702
INSCRIPTIONS ?????? 07-24 16:24 -> ?????? 07-24 16:24 0 70655
LeavesofGrass ?????? 07-24 08:59 -> ?????? 07-24 08:52 0 0
LeavesofGrass ?????? 07-23 08:59 -> ?????? 07-23 08:52 0 0
[4402] 1
[pending] LeavesofGrass ?????? 07-27 08:59 -> ????? 07-27 07:38 0 1653
[4403] 2
INSCRIPTIONS ?????? 07-28 16:24 -> ??? 07-29 06:40 0 70655
INSCRIPTIONS ?????? 07-29 16:24 -> ??? 07-30 06:40 0 70655
[4407] 0
[4408] Checking privilege: 1 1 2
Specter ??? and.plebeian@lord.and 1
[4414] 0
[4420] 0
[4421] queue
[4429] queue
[4432] queue
[4440] Checking privilege: 2 2 7
Savage ?? guilds.now@no.longer 2
[4442] 4
INSCRIPTIONS ?????? 07-27 16:24 -> ????? 07-28 14:38 162 70655
LeavesofGrass ?????? 07-27 08:59 -> ????? 07-27 07:38 0 0
LeavesofGrass ?????? 07-28 08:59 -> ????? 07-28 07:38 0 0
INSCRIPTIONS ?????? 07-28 16:24 -> ????? 07-29 14:38 162 70655
[4451] Checking privilege: 2 2 9
Chen ?? into.various@orders.a 2
[4454] 1
INSCRIPTIONS ????????? 06-22 19:22 -> ?????? 06-22 16:24 1544 70655
[4461] 4
INSCRIPTIONS ?????? 07-27 16:24 -> ?????? 07-27 16:24 0 70655
INSCRIPTIONS ?????? 07-28 16:24 -> ?????? 07-28 16:24 0 70655
LeavesofGrass ?????? 07-28 08:59 -> ?????? 07-28 08:52 0 0
LeavesofGrass ?????? 07-27 08:59 -> ?????? 07-27 08:52 0 0
[4468] 0
[4477] queue
[4487] Snowsant ?? new.forms.of@struggle.in 2
[4495] 1
INSCRIPTIONS ??? 07-19 06:46 -> ????? 07-19 14:38 850 70655
[4497] Checking privilege: 1 1 2
Angelina ???? two.great.classes@directly.fac 1
[4498] 133002
[4505] 4
INSCRIPTIONS ?????? 07-29 16:24 -> ?????? 07-29 16:24 0 70655
INSCRIPTIONS ?????? 07-30 16:24 -> ?????? 07-30 16:24 0 70655
LeavesofGrass ?????? 07-30 08:59 -> ?????? 07-30 08:52 0 0
LeavesofGrass ?????? 07-29 08:59 -> ?????? 07-29 08:52 0 0
[4508] 0
[4513] 0
[4514] queue
[4521] ProjeKTRed ?? everywhere@a.complicated 1
[4525] Popukar ??? and.Chinese@markets.the 4
[4529] 0
[4539] Leizi ?? this.spectre@Pope.and 1
[4547] queue
[4548] 0
[4555] 2
INSCRIPTIONS ?????? 08-21 16:24 -> ?????? 08-21 16:24 0 70655
INSCRIPTIONS ?????? 08-20 16:24 -> ?????? 08-20 16:24 0 61190
[4562] 0
[4566] -1
[4569] 0
[4574] 240570
[4581] queue
[4586] Checking privilege: 2 2 3
Vulcan ?? commodities@generally.gave 2
[4593] -1
[4599] 4
INSCRIPTIONS ?????? 08-02 16:24 -> ?????? 08-02 16:24 0 70655
INSCRIPTIONS ?????? 08-03 16:24 -> ?????? 08-03 16:24 0 70655
LeavesofGrass ?????? 08-03 08:59 -> ?????? 08-03 08:52 0 0
LeavesofGrass ?????? 08-02 08:59 -> ?????? 08-02 08:52 0 0
[4607] -1
[4615] 4
INSCRIPTIONS ?????? 07-11 16:24 -> ?????? 07-11 16:24 0 70655
INSCRIPTIONS ?????? 07-12 16:24 -> ?????? 07-12 16:24 0 70655
LeavesofGrass ?????? 07-12 08:59 -> ?????? 07-12 08:52 0 0
LeavesofGrass ?????? 07-11 08:59 -> ?????? 07-11 08:52 0 0
[4620] -1
[4621] 0
[4626] 1
INSCRIPTIONS ????????? 08-15 19:22 -> ?????? 08-15 16:24 1544 70655
[4628] -1
[4635] 24150
[4638] 0
[4639] 1
INSCRIPTIONS ????????? 06-30 19:22 -> ?????? 06-30 16:24 1544 70655
[4643] 1
INSCRIPTIONS ????????? 08-03 19:22 -> ??? 08-04 06:40 856 70655
[4646] Utage ?? fresh.ground@for.the 2
[4649] queue
[4659] 2
INSCRIPTIONS ?????? 06-26 16:24 -> ??? 06-27 06:40 0 70655
INSCRIPTIONS ?????? 06-27 16:24 -> ??? 06-28 06:40 0 70655
[4661] 2
INSCRIPTIONS ?????? 06-27 16:24 -> ??? 06-28 06:40 0 70655
INSCRIPTIONS ?????? 06-28 16:24 -> ??? 06-29 06:40 0 70655
[4662] 1
LeavesofGrass ??????? 07-21 22:56 -> ?????? 07-21 08:52 1511 98306
[4672] queue
[4681] 4
INSCRIPTIONS ?????? 08-01 16:24 -> ?????? 08-01 16:24 0 69170
INSCRIPTIONS ?????? 08-02 16:24 -> ?????? 08-02 16:24 0 70655
LeavesofGrass ?????? 08-02 08:59 -> ?????? 08-02 08:52 0 0
LeavesofGrass ?????? 08-01 08:59 -> ?????? 08-01 08:52 0 0
[4685] GreyThroat ?? Freeman.and@slave.patrician 1
[4695] -1
[4704] Grani ??? serfs.of.the@Middle.Ages 1
[4712] 4
INSCRIPTIONS ?????? 07-10 16:24 -> ?????? 07-10 16:24 0 70655
INSCRIPTIONS ?????? 07-11 16:24 -> ?????? 07-11 16:24 0 70655
LeavesofGrass ?????? 07-11 08:59 -> ?????? 07-11 08:52 0 0
LeavesofGrass ?????? 07-10 08:59 -> ?????? 07-10 08:52 0 0
[4715] 0
[4717] 1
INSCRIPTIONS ??? 07-14 06:46 -> ?????? 07-13 16:24 688 70655
[4724] 0
[4725] 1
LeavesofGrass ??????? 07-03 22:56 -> ?????? 07-03 08:52 1511 98306
[4726] -1
[4735] 2397114
[4736] queue
[4740] queue
[4743] -1
[4750] -1
[4759] Durin ?? feudal.society@a.rapid 1
[4762] Indra ??? ruins.of.feudal@society.has 1
[4772] 0
[4780] 4
INSCRIPTIONS ?????? 07-24 16:24 -> ?????? 07-24 16:24 0 70655
INSCRIPTIONS ?????? 07-25 16:24 -> ?????? 07-25 16:24 0 70655
LeavesofGrass ?????? 07-25 08:59 -> ?????? 07-25 08:52 0 0
LeavesofGrass ?????? 07-24 08:59 -> ?????? 07-24 08:52 0 0
[4787] queue
[4790] 0
[4794] 0
[4796] 1470350
[4801] Fang ?? sufficed.for@the.growing 1
[4808] 4
INSCRIPTIONS ?????? 07-12 16:24 -> ?????? 07-12 16:24 0 70655
INSCRIPTIONS ?????? 07-13 16:24 -> ?????? 07-13 16:24 0 70655
LeavesofGrass ?????? 07-13 08:59 -> ?????? 07-13 08:52 0 0
LeavesofGrass ?????? 07-12 08:59 -> ?????? 07-12 08:52 0 0
[4815] Skadi ??? slaves.in.the@Middle.Ages 2
[4821] Shaw ?? new.conditions@of.oppression 1
[4827] queue
[4837] 4
INSCRIPTIONS ?????? 07-26 16:24 -> ?????? 07-26 16:24 0 70655
INSCRIPTIONS ?????? 07-27 16:24 -> ?????? 07-27 16:24 0 70655
LeavesofGrass ?????? 07-27 08:59 -> ?????? 07-27 08:52 0 0
LeavesofGrass ?????? 07-26 08:59 -> ?????? 07-26 08:52 0 0
[4838] 2
INSCRIPTIONS ?????? 07-02 16:24 -> ??? 07-03 06:40 0 69834
INSCRIPTIONS ?????? 07-03 16:24 -> ??? 07-04 06:40 0 70655
[4845] queue
[4846] 1
INSCRIPTIONS ????????? 07-02 19:22 -> ?????? 07-02 16:24 1544 70655
[4848] queue
[4856] 4
INSCRIPTIONS ?????? 08-01 16:24 -> ????? 08-02 14:38 162 69170
LeavesofGrass ?????? 08-01 08:59 -> ????? 08-01 07:38 0 0
LeavesofGrass ?????? 08-02 08:59 -> ????? 08-02 07:38 0 0
INSCRIPTIONS ?????? 08-02 16:24 -> ????? 08-03 14:38 162 70655
[4862] Ethan ?? acknowledged@by.all 3
[4863] Durnar ?? adversaries@Two.things 1
[4873] 2
LeavesofGrass ????? 07-02 07:38 -> ?????? 07-02 08:52 70 98306
LeavesofGrass ????? 07-03 07:38 -> ?????? 07-03 08:52 70 77301
[4880] 4
INSCRIPTIONS ?????? 07-26 16:24 -> ?????? 07-26 16:24 0 70655
INSCRIPTIONS ?????? 07-27 16:24 -> ?????? 07-27 16:24 0 70655
LeavesofGrass ?????? 07-27 08:59 -> ?????? 07-27 08:52 0 0
LeavesofGrass ?????? 07-26 08:59 -> ?????? 07-26 08:52 0 0
[4882] 2
LeavesofGrass ????? 07-05 07:38 -> ?????? 07-05 08:52 70 78725
LeavesofGrass ????? 07-06 07:38 -> ?????? 07-06 08:52 70 85877
[4884] Firewatch ??? opponents.in@power.Where 2
[4893] 204330
[4894] -1
[4901] Midnight ??? system.of.industry@under.which 1
[4910] 0
[4917] 1
INSCRIPTIONS ??? 08-09 06:46 -> ?????? 08-08 16:24 688 70655
[4920] -1
[4921] queue
[4931] queue
[4938] 2
LeavesofGrass ????? 07-12 07:38 -> ?????? 07-12 08:52 70 98306
LeavesofGrass ????? 07-13 07:38 -> ?????? 07-13 08:52 70 74373
[4946] queue
[4956] 4
INSCRIPTIONS ?????? 07-16 16:24 -> ?????? 07-16 16:24 0 70655
INSCRIPTIONS ?????? 07-17 16:24 -> ?????? 07-17 16:24 0 70655
LeavesofGrass ?????? 07-17 08:59 -> ?????? 07-17 08:52 0 0
LeavesofGrass ?????? 07-16 08:59 -> ?????? 07-16 08:52 0 0
[4961] 2
INSCRIPTIONS ?????? 07-29 16:24 -> ??? 07-30 06:40 0 70655
INSCRIPTIONS ?????? 07-30 16:24 -> ??? 07-31 06:40 0 70655
[4962] Skadi ??? slaves.in.the@Middle.Ages 2
[4967] 2
[pending] LeavesofGrass ?????? 07-15 08:59 -> ????? 07-15 07:38 0 14699
[pending] LeavesofGrass ?????? 07-03 08:59 -> ??????? 07-03 22:46 0 17697
[4971] 4
INSCRIPTIONS ?????? 07-06 16:24 -> ?????? 07-06 16:24 0 70655
INSCRIPTIONS ?????? 07-07 16:24 -> ?????? 07-07 16:24 0 70655
LeavesofGrass ?????? 07-07 08:59 -> ?????? 07-07 08:52 0 0
LeavesofGrass ?????? 07-06 08:59 -> ?????? 07-06 08:52 0 0
[4979] -1
[4985] queue
[4991] 4
INSCRIPTIONS ?????? 07-02 16:24 -> ?????? 07-02 16:24 0 69834
INSCRIPTIONS ?????? 07-03 16:24 -> ?????? 07-03 16:24 0 70655
LeavesofGrass ?????? 07-03 08:59 -> ?????? 07-03 08:52 0 0
LeavesofGrass ?????? 07-02 08:59 -> ?????? 07-02 08:52 0 0
[4994] 2
LeavesofGrass ????? 07-02 07:38 -> ?????? 07-02 08:52 70 98306
LeavesofGrass ????? 07-03 07:38 -> ?????? 07-03 08:52 70 77301
[5002] 4
INSCRIPTIONS ?????? 07-24 16:24 -> ?????? 07-24 16:24 0 70655
INSCRIPTIONS ?????? 07-25 16:24 -> ?????? 07-25 16:24 0 70655
LeavesofGrass ?????? 07-25 08:59 -> ?????? 07-25 08:52 0 0
LeavesofGrass ?????? 07-24 08:59 -> ?????? 07-24 08:52 0 0
[5008] 2
LeavesofGrass ????? 07-22 07:38 -> ?????? 07-22 08:52 70 98306
LeavesofGrass ????? 07-23 07:38 -> ?????? 07-23 08:52 70 98306
[5013] 33285659
[5023] Mayer ?? colonisation@of.America 1
[5025] queue
[5034] 4
INSCRIPTIONS ?????? 07-21 16:24 -> ?????? 07-21 16:24 0 70655
INSCRIPTIONS ?????? 07-22 16:24 -> ?????? 07-22 16:24 0 70655
LeavesofGrass ?????? 07-22 08:59 -> ?????? 07-22 08:52 0 0
LeavesofGrass ?????? 07-21 08:59 -> ?????? 07-21 08:52 0 0
[5041] 4
INSCRIPTIONS ?????? 07-13 16:24 -> ?????? 07-13 16:24 0 70655
INSCRIPTIONS ?????? 07-14 16:24 -> ?????? 07-14 16:24 0 70655
LeavesofGrass ?????? 07-14 08:59 -> ?????? 07-14 08:52 0 0
LeavesofGrass ?????? 07-13 08:59 -> ?????? 07-13 08:52 0 0
[5049] 4
INSCRIPTIONS ?????? 07-02 16:24 -> ?????? 07-02 16:24 0 69834
INSCRIPTIONS ?????? 07-03 16:24 -> ?????? 07-03 16:24 0 70655
LeavesofGrass ?????? 07-03 08:59 -> ?????? 07-03 08:52 0 0
LeavesofGrass ?????? 07-02 08:59 -> ?????? 07-02 08:52 0 0
[5055] 0
[5058] 0
[5066] Checking privilege: 1 1 3
Provence ???? face.of.the@whole.world 1
[5075] -1
[5083] 0
[5086] Checking privilege: 1 1 2
Magallan ?? existing.societies@is.the 1
[5091] Platinum ?? each.other@Bourgeoisie.and 2
[5099] Silence ?? stood.in.constant@opposition.t 1
[5106] Checking privilege: 2 2 10
Eyjafjalla ???? its.place.The@guildmasters.wer 2
[5107] 4
INSCRIPTIONS ?????? 07-25 16:24 -> ?????? 07-25 16:24 0 70655
INSCRIPTIONS ?????? 07-26 16:24 -> ?????? 07-26 16:24 0 70655
LeavesofGrass ?????? 07-26 08:59 -> ?????? 07-26 08:52 0 0
LeavesofGrass ?????? 07-25 08:59 -> ?????? 07-25 08:52 0 0
[5116] queue
[5124] -1
[5128] 4
INSCRIPTIONS ?????? 07-31 16:24 -> ?????? 07-31 16:24 0 59193
INSCRIPTIONS ?????? 08-01 16:24 -> ?????? 08-01 16:24 0 69170
LeavesofGrass ?????? 08-01 08:59 -> ?????? 08-01 08:52 0 0
LeavesofGrass ?????? 07-31 08:59 -> ?????? 07-31 08:52 0 0
[5129] 4
INSCRIPTIONS ?????? 07-14 16:24 -> ????? 07-15 14:38 162 70655
LeavesofGrass ?????? 07-14 08:59 -> ????? 07-14 07:38 0 0
LeavesofGrass ?????? 07-15 08:59 -> ????? 07-15 07:38 0 0
INSCRIPTIONS ?????? 07-15 16:24 -> ????? 07-16 14:38 162 55272
[5133] 0
[5138] 2
INSCRIPTIONS ?????? 06-15 16:24 -> ?????? 06-15 16:24 0 70655
INSCRIPTIONS ?????? 06-14 16:24 -> ?????? 06-14 16:24 0 70655
[5142] 2
LeavesofGrass ????? 07-11 07:38 -> ?????? 07-11 08:52 70 98306
LeavesofGrass ????? 07-12 07:38 -> ?????? 07-12 08:52 70 98306
[5147] 0
[5150] 8
[pending] LeavesofGrass ?????? 07-03 08:59 -> ?????? 07-03 08:52 0 23018
[success] LeavesofGrass ????? 07-24 07:38 -> ?????? 07-24 08:52 70 2919
[pending] LeavesofGrass ?????? 07-28 08:59 -> ?????? 07-28 08:52 0 13309
[success] INSCRIPTIONS ?????? 07-12 16:24 -> ??? 07-13 06:40 0 15171
[pending] LeavesofGrass ?????? 07-28 08:59 -> ????? 07-28 07:38 0 16611
[pending] LeavesofGrass ?????? 07-22 08:59 -> ??????? 07-22 22:46 0 13472
[success] INSCRIPTIONS ?????? 08-11 16:24 -> ????? 08-12 14:38 162 7632
[pending] LeavesofGrass ?????? 07-04 08:59 -> ?????? 07-04 08:52 0 21326
[5153] Adnachiel ???? elements.of@the.bourgeoisie 2
[5156] -1
[5160] -1
[5163] 0
[5173] 0
[5178] 0
[5179] Provence ???? face.of.the@whole.world 1
[5189] 1
INSCRIPTIONS ?????? 06-14 16:24 -> ????? 06-15 14:38 162 70655
[5198] 31314371
[5203] Nightmare ?? policespies@Where.is 3
[5209] 5
[success] INSCRIPTIONS ????????? 07-18 19:22 -> ??? 07-19 06:40 856 10381
[success] LeavesofGrass ??????? 07-19 22:56 -> ?????? 07-19 08:52 1511 21903
[pending] LeavesofGrass ?????? 07-27 08:59 -> ?????? 07-27 08:52 0 12046
[pending] LeavesofGrass ?????? 07-05 08:59 -> ?????? 07-05 08:52 0 3065
[pending] LeavesofGrass ?????? 07-03 08:59 -> ?????? 07-03 08:52 0 22385
[5215] 0
[5225] 0
[5231] 2
INSCRIPTIONS ?????? 08-11 16:24 -> ??? 08-12 06:40 0 63023
INSCRIPTIONS ?????? 08-12 16:24 -> ??? 08-13 06:40 0 70655
[5235] 2
INSCRIPTIONS ?????? 08-02 16:24 -> ??? 08-03 06:40 0 70655
INSCRIPTIONS ?????? 08-03 16:24 -> ??? 08-04 06:40 0 70655
[5239] queue
[5240] Checking privilege: 2 2 3
Chen ?? into.various@orders.a 2
[5243] -1
[5251] 18186776
[5255] Manticore ?? not.hurled@back.the 2
[5262] 4
INSCRIPTIONS ?????? 08-02 16:24 -> ?????? 08-02 16:24 0 70655
INSCRIPTIONS ?????? 08-03 16:24 -> ?????? 08-03 16:24 0 70655
LeavesofGrass ?????? 08-03 08:59 -> ?????? 08-03 08:52 0 0
LeavesofGrass ?????? 08-02 08:59 -> ?????? 08-02 08:52 0 0
[5263] 0
[5267] 0
[5274] 0
[5283] 3
INSCRIPTIONS ?????? 06-27 16:24 -> ?????? 06-27 16:24 0 70655
INSCRIPTIONS ?????? 06-28 16:24 -> ?????? 06-28 16:24 0 70655
LeavesofGrass ?????? 06-28 08:59 -> ?????? 06-28 08:52 0 0
[5284] queue
[5288] -1
[5295] 4
INSCRIPTIONS ?????? 07-21 16:24 -> ????? 07-22 14:38 162 70655
LeavesofGrass ?????? 07-21 08:59 -> ????? 07-21 07:38 0 0
LeavesofGrass ?????? 07-22 08:59 -> ????? 07-22 07:38 0 0
INSCRIPTIONS ?????? 07-22 16:24 -> ????? 07-23 14:38 162 70655
[5303] 0
[5304] queue
[5306] FEater ??? an.uninterrupted@now.hidden 1
[5309] queue
[5312] 4
INSCRIPTIONS ?????? 07-03 16:24 -> ?????? 07-03 16:24 0 70655
INSCRIPTIONS ?????? 07-04 16:24 -> ?????? 07-04 16:24 0 70655
LeavesofGrass ?????? 07-04 08:59 -> ?????? 07-04 08:52 0 0
LeavesofGrass ?????? 07-03 08:59 -> ?????? 07-03 08:52 0 0
[5316] Executor ??? history.of@all.hitherto 1
[5321] Durin ?? feudal.society@a.rapid 1
[5323] queue
[5332] Checking privilege: 1 1 5
Rope ?? pushed.on.one@side.by 1
[5342] 3944920
[5346] queue
[5354] 2
LeavesofGrass ????? 07-28 07:38 -> ?????? 07-28 08:52 70 98306
LeavesofGrass ????? 07-29 07:38 -> ?????? 07-29 08:52 70 98306
[5360] 2
LeavesofGrass ????? 07-28 07:38 -> ????? 07-28 07:38 0 98306
LeavesofGrass ????? 07-29 07:38 -> ????? 07-29 07:38 0 98306
[5361] 0
[5370] 0
[5374] -1
[5379] 4
INSCRIPTIONS ?????? 07-15 16:24 -> ?????? 07-15 16:24 0 55272
INSCRIPTIONS ?????? 07-16 16:24 -> ?????? 07-16 16:24 0 70655
LeavesofGrass ?????? 07-16 08:59 -> ?????? 07-16 08:52 0 0
LeavesofGrass ?????? 07-15 08:59 -> ?????? 07-15 08:52 0 0
[5380] queue
[5389] 4
INSCRIPTIONS ?????? 07-29 16:24 -> ?????? 07-29 16:24 0 70655
INSCRIPTIONS ?????? 07-30 16:24 -> ?????? 07-30 16:24 0 70655
LeavesofGrass ?????? 07-30 08:59 -> ?????? 07-30 08:52 0 0
LeavesofGrass ?????? 07-29 08:59 -> ?????? 07-29 08:52 0 0
[5399] 1437380
[5402] 4
INSCRIPTIONS ?????? 08-02 16:24 -> ?????? 08-02 16:24 0 70655
INSCRIPTIONS ?????? 08-03 16:24 -> ?????? 08-03 16:24 0 70655
LeavesofGrass ?????? 08-03 08:59 -> ?????? 08-03 08:52 0 0
LeavesofGrass ?????? 08-02 08:59 -> ?????? 08-02 08:52 0 0
[5408] Skyfire ?? published.in@the.English 1
[5412] Checking privilege: 1 1 2
Gitano ?? sprang.the@chartered.burghers 1
[5421] Checking privilege: 2 2 3
Conviction ?? vanished.in@the.face 2
[5429] queue
[5433] 4
INSCRIPTIONS ?????? 07-11 16:24 -> ?????? 07-11 16:24 0 70655
INSCRIPTIONS ?????? 07-12 16:24 -> ?????? 07-12 16:24 0 70655
LeavesofGrass ?????? 07-12 08:59 -> ?????? 07-12 08:52 0 0
LeavesofGrass ?????? 07-11 08:59 -> ?????? 07-11 08:52 0 0
[5443] 2
INSCRIPTIONS ?????? 07-12 16:24 -> ??? 07-13 06:40 0 70655
INSCRIPTIONS ?????? 07-13 16:24 -> ??? 07-14 06:40 0 70655
[5445] 630828
[5454] 2
INSCRIPTIONS ?????? 06-27 16:24 -> ?????? 06-27 16:24 0 66761
INSCRIPTIONS ?????? 06-26 16:24 -> ?????? 06-26 16:24 0 70655
[5459] Broca ??? branding.reproach@of.Communism 1
[5465] 0
[5471] Mostima ???? of.the.earliest@towns.From 2
[5473] -1
[5483] 4
INSCRIPTIONS ?????? 07-16 16:24 -> ?????? 07-16 16:24 0 70655
INSCRIPTIONS ?????? 07-17 16:24 -> ?????? 07-17 16:24 0 70655
LeavesofGrass ?????? 07-17 08:59 -> ?????? 07-17 08:52 0 0
LeavesofGrass ?????? 07-16 08:59 -> ?????? 07-16 08:52 0 0
[5484] Exusiai ??? of.America@the.rounding 1
[5491] Checking privilege: 1 1 2
Franka ?? of.division@of.labour 1
[5494] 4
INSCRIPTIONS ?????? 07-30 16:24 -> ?????? 07-30 16:24 0 70655
INSCRIPTIONS ?????? 07-31 16:24 -> ?????? 07-31 16:24 0 59193
LeavesofGrass ?????? 07-31 08:59 -> ?????? 07-31 08:52 0 0
LeavesofGrass ?????? 07-30 08:59 -> ?????? 07-30 08:52 0 0
[5502] queue
[5503] queue
[5513] 4
INSCRIPTIONS ?????? 06-29 16:24 -> ?????? 06-29 16:24 0 70655
INSCRIPTIONS ?????? 06-30 16:24 -> ?????? 06-30 16:24 0 70655
LeavesofGrass ?????? 06-30 08:59 -> ?????? 06-30 08:52 0 0
LeavesofGrass ?????? 06-29 08:59 -> ?????? 06-29 08:52 0 0
[5523] Catapult ?? two.great.hostile@camps.into 1
[5525] 4
INSCRIPTIONS ?????? 07-20 16:24 -> ?????? 07-20 16:24 0 70655
INSCRIPTIONS ?????? 07-21 16:24 -> ?????? 07-21 16:24 0 70655
LeavesofGrass ?????? 07-21 08:59 -> ?????? 07-21 08:52 0 0
LeavesofGrass ?????? 07-20 08:59 -> ?????? 07-20 08:52 0 0
[5534] 2
INSCRIPTIONS ?????? 08-20 16:24 -> ?????? 08-20 16:24 0 61190
INSCRIPTIONS ?????? 08-19 16:24 -> ?????? 08-19 16:24 0 62008
[5539] 1
INSCRIPTIONS ?????? 07-16 16:24 -> ????????? 07-16 19:12 0 70655
[5542] 4
INSCRIPTIONS ?????? 07-06 16:24 -> ?????? 07-06 16:24 0 70655
INSCRIPTIONS ?????? 07-07 16:24 -> ?????? 07-07 16:24 0 70655
LeavesofGrass ?????? 07-07 08:59 -> ?????? 07-07 08:52 0 0
LeavesofGrass ?????? 07-06 08:59 -> ?????? 07-06 08:52 0 0
[5547] Checking privilege: 1 1 2
Siege ???? monopolised@by.closed 1
[5557] 0
[5561] 0
[5566] 4
INSCRIPTIONS ?????? 07-20 16:24 -> ?????? 07-20 16:24 0 70655
INSCRIPTIONS ?????? 07-21 16:24 -> ?????? 07-21 16:24 0 70655
LeavesofGrass ?????? 07-21 08:59 -> ?????? 07-21 08:52 0 0
LeavesofGrass ?????? 07-20 08:59 -> ?????? 07-20 08:52 0 0
[5571] 2
INSCRIPTIONS ?????? 06-15 16:24 -> ????? 06-16 14:38 162 70655
INSCRIPTIONS ?????? 06-16 16:24 -> ????? 06-17 14:38 162 70655
[5579] queue
[5580] 4
INSCRIPTIONS ?????? 07-11 16:24 -> ?????? 07-11 16:24 0 70655
INSCRIPTIONS ?????? 07-12 16:24 -> ?????? 07-12 16:24 0 70655
LeavesofGrass ?????? 07-12 08:59 -> ?????? 07-12 08:52 0 0
LeavesofGrass ?????? 07-11 08:59 -> ?????? 07-11 08:52 0 0
[5583] 0
[5585] 0
[5588] 0
[5598] -1
[5607] 2
INSCRIPTIONS ?????? 08-11 16:24 -> ?????? 08-11 16:24 0 63023
INSCRIPTIONS ?????? 08-10 16:24 -> ?????? 08-10 16:24 0 70655
[5611] Rope ?? pushed.on.one@side.by 1
[5617] 4
INSCRIPTIONS ?????? 07-28 16:24 -> ?????? 07-28 16:24 0 70655
INSCRIPTIONS ?????? 07-29 16:24 -> ?????? 07-29 16:24 0 70655
LeavesofGrass ?????? 07-29 08:59 -> ?????? 07-29 08:52 0 0
LeavesofGrass ?????? 07-28 08:59 -> ?????? 07-28 08:52 0 0
[5625] 1
LeavesofGrass ??????? 07-06 22:56 -> ????? 07-06 07:38 1441 85877
[5628] 4
INSCRIPTIONS ?????? 07-23 16:24 -> ????? 07-24 14:38 162 57702
LeavesofGrass ?????? 07-24 08:59 -> ????? 07-24 07:38 0 0
LeavesofGrass ?????? 07-23 08:59 -> ????? 07-23 07:38 0 0
INSCRIPTIONS ?????? 07-24 16:24 -> ????? 07-25 14:38 162 70655
[5632] -1
[5639] -1
[5645] 0
[5653] 2
INSCRIPTIONS ?????? 08-12 16:24 -> ?????? 08-12 16:24 0 70655
INSCRIPTIONS ?????? 08-11 16:24 -> ?????? 08-11 16:24 0 63023
[5656] Sora ?? have.patricians@knights.plebei 1
[5666] 0
[5667] 0
[5668] Schwarz ?? is.the.Opposition@that.has 1
[5670] -1
[5673] 0
[5674] Cuora ??? trade.with@the.colonies 1
[5682] queue
[5686] Ceylon ?? the.contending@classes.In 1
[5695] Skadi ??? slaves.in.the@Middle.Ages 2
[5701] 2
INSCRIPTIONS ?????? 08-10 16:24 -> ?????? 08-10 16:24 0 70655
INSCRIPTIONS ?????? 08-09 16:24 -> ?????? 08-09 16:24 0 70655
[5706] queue
[5715] Meteor ?? but.established@new.classes 1
[5725] 0
[5729] 2
LeavesofGrass ????? 07-02 07:38 -> ?????? 07-02 08:52 70 98306
LeavesofGrass ????? 07-03 07:38 -> ?????? 07-03 08:52 70 77301
[5733] queue
[5737] Plume ?? serf.guildmaster@and.journeyma 2
[5746] 0
[5751] 1
INSCRIPTIONS ????????? 06-18 19:22 -> ?????? 06-18 16:24 1544 70655
[5755] Hibiscus ?? Communistic@by.its 1
[5758] 0
[5764] 0
[5772] Checking privilege: 1 1 2
Midnight ??? longer.sufficed@Thereupon.stea 1
[5774] 4
INSCRIPTIONS ?????? 07-05 16:24 -> ????? 07-06 14:38 162 70655
LeavesofGrass ?????? 07-06 08:59 -> ????? 07-06 07:38 0 0
LeavesofGrass ?????? 07-05 08:59 -> ????? 07-05 07:38 0 0
INSCRIPTIONS ?????? 07-06 16:24 -> ????? 07-07 14:38 162 70655
[5784] queue
[5787] Firewatch ??? opponents.in@power.Where 2
[5792] Skyfire ?? published.in@the.English 1
[5800] Hibiscus ?? Communistic@by.its 1
[5805] 4
INSCRIPTIONS ?????? 07-25 16:24 -> ?????? 07-25 16:24 0 70655
INSCRIPTIONS ?????? 07-26 16:24 -> ?????? 07-26 16:24 0 70655
LeavesofGrass ?????? 07-26 08:59 -> ?????? 07-26 08:52 0 0
LeavesofGrass ?????? 07-25 08:59 -> ?????? 07-25 08:52 0 0
[5814] Cuora ??? trade.with@the.colonies 1
[5816] 2
LeavesofGrass ????? 07-26 07:38 -> ?????? 07-26 08:52 70 98306
LeavesofGrass ????? 07-27 07:38 -> ?????? 07-27 08:52 70 58838
[5819] 0
[5825] 0
[5828] 2
INSCRIPTIONS ?????? 08-12 16:24 -> ????? 08-13 14:38 162 70655
INSCRIPTIONS ?????? 08-13 16:24 -> ????? 08-14 14:38 162 70655
[5835] queue
[5836] 7732352
[5840] 2
LeavesofGrass ????? 07-12 07:38 -> ?????? 07-12 08:52 70 98306
LeavesofGrass ????? 07-13 07:38 -> ?????? 07-13 08:52 70 74373
[5849] Mayer ?? colonisation@of.America 1
[5859] queue
[5860] 0
[5865] queue
[5867] Haze ?? result.from@this.fact 1
[5873] Checking privilege: 3 3 8
Yato ?? meet.this.nursery@tale.of 3
[5877] Checking privilege: 1 1 7
Fang ?? sufficed.for@the.growing 1
[5879] 4
INSCRIPTIONS ?????? 07-29 16:24 -> ?????? 07-29 16:24 0 70655
INSCRIPTIONS ?????? 07-30 16:24 -> ?????? 07-30 16:24 0 70655
LeavesofGrass ?????? 07-30 08:59 -> ?????? 07-30 08:52 0 0
LeavesofGrass ?????? 07-29 08:59 -> ?????? 07-29 08:52 0 0
[5888] queue
[5893] 0
[5897] 4
INSCRIPTIONS ?????? 07-01 16:24 -> ????? 07-02 14:38 162 70655
LeavesofGrass ?????? 07-02 08:59 -> ????? 07-02 07:38 0 0
LeavesofGrass ?????? 07-01 08:59 -> ????? 07-01 07:38 0 0
INSCRIPTIONS ?????? 07-02 16:24 -> ????? 07-03 14:38 162 69834
[5902] 3
INSCRIPTIONS ?????? 06-27 16:24 -> ?????? 06-27 16:24 0 66761
INSCRIPTIONS ?????? 06-28 16:24 -> ?????? 06-28 16:24 0 70655
LeavesofGrass ?????? 06-28 08:59 -> ?????? 06-28 08:52 0 0
[5903] 0
[5904] Grani ??? serfs.of.the@Middle.Ages 1
[5905] 11571472
[5910] Checking privilege: 2 2 3
Utage ?? and.machinery@revolutionised.i 2
[5911] Angelina ???? two.great.classes@directly.fac 1
[5913] 4
INSCRIPTIONS ?????? 07-29 16:24 -> ?????? 07-29 16:24 0 70655
INSCRIPTIONS ?????? 07-30 16:24 -> ?????? 07-30 16:24 0 70655
LeavesofGrass ?????? 07-30 08:59 -> ?????? 07-30 08:52 0 0
LeavesofGrass ?????? 07-29 08:59 -> ?????? 07-29 08:52 0 0
[5917] 2
INSCRIPTIONS ?????? 06-16 16:24 -> ?????? 06-16 16:24 0 70655
INSCRIPTIONS ?????? 06-15 16:24 -> ?????? 06-15 16:24 0 70655
[5918] 4
INSCRIPTIONS ?????? 07-04 16:24 -> ????? 07-05 14:38 162 70655
LeavesofGrass ?????? 07-04 08:59 -> ????? 07-04 07:38 0 0
LeavesofGrass ?????? 07-05 08:59 -> ????? 07-05 07:38 0 0
INSCRIPTIONS ?????? 07-05 16:24 -> ????? 07-06 14:38 162 70655
[5927] 4
INSCRIPTIONS ?????? 07-30 16:24 -> ?????? 07-30 16:24 0 70655
INSCRIPTIONS ?????? 07-31 16:24 -> ?????? 07-31 16:24 0 59193
LeavesofGrass ?????? 07-31 08:59 -> ?????? 07-31 08:52 0 0
LeavesofGrass ?????? 07-30 08:59 -> ?????? 07-30 08:52 0 0
[5933] 1
LeavesofGrass ??????? 07-16 22:56 -> ????? 07-16 07:38 1441 98306
[5940] Hung ?? itself.a.Power@II.It 1
[5946] -1
[5950] 1442980
[5953] Franka ?? of.division@of.labour 1
[5961] Gitano ?? sprang.the@chartered.burghers 1
[5968] 2
INSCRIPTIONS ?????? 08-20 16:24 -> ??? 08-21 06:40 0 61190
INSCRIPTIONS ?????? 08-21 16:24 -> ??? 08-22 06:40 0 70655
[5970] 4
INSCRIPTIONS ?????? 07-31 16:24 -> ?????? 07-31 16:24 0 59193
INSCRIPTIONS ?????? 08-01 16:24 -> ?????? 08-01 16:24 0 69170
LeavesofGrass ?????? 08-01 08:59 -> ?????? 08-01 08:52 0 0
LeavesofGrass ?????? 07-31 08:59 -> ?????? 07-31 08:52 0 0
[5979] 4
INSCRIPTIONS ?????? 07-29 16:24 -> ?????? 07-29 16:24 0 70655
INSCRIPTIONS ?????? 07-30 16:24 -> ?????? 07-30 16:24 0 70655
LeavesofGrass ?????? 07-30 08:59 -> ?????? 07-30 08:52 0 0
LeavesofGrass ?????? 07-29 08:59 -> ?????? 07-29 08:52 0 0
[5986] queue
[5994] 4
INSCRIPTIONS ?????? 07-19 16:24 -> ?????? 07-19 16:24 0 70655
INSCRIPTIONS ?????? 07-20 16:24 -> ?????? 07-20 16:24 0 70655
LeavesofGrass ?????? 07-20 08:59 -> ?????? 07-20 08:52 0 0
LeavesofGrass ?????? 07-19 08:59 -> ?????? 07-19 08:52 0 0
[5996] 4
INSCRIPTIONS ?????? 07-30 16:24 -> ?????? 07-30 16:24 0 70655
INSCRIPTIONS ?????? 07-31 16:24 -> ?????? 07-31 16:24 0 59193
LeavesofGrass ?????? 07-31 08:59 -> ?????? 07-31 08:52 0 0
LeavesofGrass ?????? 07-30 08:59 -> ?????? 07-30 08:52 0 0
[6001] 4
INSCRIPTIONS ?????? 08-03 16:24 -> ?????? 08-03 16:24 0 70655
INSCRIPTIONS ?????? 08-04 16:24 -> ?????? 08-04 16:24 0 70655
LeavesofGrass ?????? 08-04 08:59 -> ?????? 08-04 08:52 0 0
LeavesofGrass ?????? 08-03 08:59 -> ?????? 08-03 08:52 0 0
[6011] Midnight ??? longer.sufficed@Thereupon.stea 1
[6019] Ansel ??? now.open.fight@a.fight 2
[6027] queue
[6029] Phantom ?? not.done.away@with.class 1
[6038] Liskarm ?? well.as.against@its.reactionar 1
[6042] 2
INSCRIPTIONS ?????? 08-06 16:24 -> ??? 08-07 06:40 0 70655
INSCRIPTIONS ?????? 08-07 16:24 -> ??? 08-08 06:40 0 55858
[6043] Steward ???? society.at@large.or 1
[6048] -1
[6058] 1
LeavesofGrass ????? 06-28 07:38 -> ?????? 06-28 08:52 70 78905
[6063] 3537251
[6072] 4
INSCRIPTIONS ?????? 07-03 16:24 -> ?????? 07-03 16:24 0 70655
INSCRIPTIONS ?????? 07-04 16:24 -> ?????? 07-04 16:24 0 70655
LeavesofGrass ?????? 07-04 08:59 -> ?????? 07-04 08:52 0 0
LeavesofGrass ?????? 07-03 08:59 -> ?????? 07-03 08:52 0 0
[6074] 5641450
[6083] 0
[6092] 2
LeavesofGrass ????? 07-27 07:38 -> ?????? 07-27 08:52 70 58838
LeavesofGrass ????? 07-28 07:38 -> ?????? 07-28 08:52 70 98306
[6097] queue
[6105] Mostima ???? of.the.earliest@towns.From 2
[6108] -1
[6118] 4
INSCRIPTIONS ?????? 07-12 16:24 -> ????? 07-13 14:38 162 70655
LeavesofGrass ?????? 07-12 08:59 -> ????? 07-12 07:38 0 0
LeavesofGrass ?????? 07-13 08:59 -> ????? 07-13 07:38 0 0
INSCRIPTIONS ?????? 07-13 16:24 -> ????? 07-14 14:38 162 70655
[6125] Haze ?? result.from@this.fact 1
[6131] 2
LeavesofGrass ????? 07-27 07:38 -> ?????? 07-27 08:52 70 58838
LeavesofGrass ????? 07-28 07:38 -> ?????? 07-28 08:52 70 98306
[6133] 4
INSCRIPTIONS ?????? 07-04 16:24 -> ?????? 07-04 16:24 0 70655
INSCRIPTIONS ?????? 07-05 16:24 -> ?????? 07-05 16:24 0 70655
LeavesofGrass ?????? 07-05 08:59 -> ?????? 07-05 08:52 0 0
LeavesofGrass ?????? 07-04 08:59 -> ?????? 07-04 08:52 0 0
[6141] 12738000
[6147] -1
[6155] 32637600
[6159] 3872352
[6162] queue
[6163] 2
INSCRIPTIONS ?????? 08-17 16:24 -> ????? 08-18 14:38 162 70655
INSCRIPTIONS ?????? 08-18 16:24 -> ????? 08-19 14:38 162 70655
[6173] 23325307
[6181] 0
[6183] 0
[6192] Adnachiel ???? elements.of@the.bourgeoisie 2
[6193] queue
[6197] 2
INSCRIPTIONS ?????? 06-30 16:24 -> ??? 07-01 06:40 0 70655
INSCRIPTIONS ?????? 07-01 16:24 -> ??? 07-02 06:40 0 70655
[6206] 1
LeavesofGrass ?????? 07-05 08:59 -> ??????? 07-05 22:46 0 0
[6215] 20807981
[6221] -1
[6225] 1
INSCRIPTIONS ??? 07-10 06:46 -> ????? 07-10 14:38 850 70655
[6231] 1068464
[6234] 0
[6235] 2
INSCRIPTIONS ?????? 07-07 16:24 -> ??? 07-08 06:40 0 70655
INSCRIPTIONS ?????? 07-08 16:24 -> ??? 07-09 06:40 0 70655
[6240] Cuora ??? trade.with@the.colonies 1
[6250] Ceylon ?? the.contending@classes.In 1
[6256] 4
INSCRIPTIONS ?????? 07-13 16:24 -> ?????? 07-13 16:24 0 70655
INSCRIPTIONS ?????? 07-14 16:24 -> ?????? 07-14 16:24 0 70655
LeavesofGrass ?????? 07-14 08:59 -> ?????? 07-14 08:52 0 0
LeavesofGrass ?????? 07-13 08:59 -> ?????? 07-13 08:52 0 0
[6257] 2
INSCRIPTIONS ?????? 08-12 16:24 -> ?????? 08-12 16:24 0 70655
INSCRIPTIONS ?????? 08-11 16:24 -> ?????? 08-11 16:24 0 63023
[6260] 1
INSCRIPTIONS ????????? 06-20 19:22 -> ????? 06-21 14:38 1706 70655
[6263] 4
INSCRIPTIONS ?????? 08-03 16:24 -> ?????? 08-03 16:24 0 70655
INSCRIPTIONS ?????? 08-04 16:24 -> ?????? 08-04 16:24 0 70655
LeavesofGrass ?????? 08-04 08:59 -> ?????? 08-04 08:52 0 0
LeavesofGrass ?????? 08-03 08:59 -> ?????? 08-03 08:52 0 0
[6266] 4
INSCRIPTIONS ?????? 07-15 16:24 -> ????? 07-16 14:38 162 55272
LeavesofGrass ?????? 07-15 08:59 -> ????? 07-15 07:38 0 0
LeavesofGrass ?????? 07-16 08:59 -> ????? 07-16 07:38 0 0
INSCRIPTIONS ?????? 07-16 16:24 -> ????? 07-17 14:38 162 70655
[6272] Cuora ??? trade.with@the.colonies 1
[6276] queue
[6284] Nearl ?? history.we@find.almost 1
[6294] queue
[6301] Sussurro ?? to.industry@an.impulse 2
[6305] 0
[6311] 2
INSCRIPTIONS ?????? 06-25 16:24 -> ????? 06-26 14:38 162 70655
INSCRIPTIONS ?????? 06-26 16:24 -> ????? 06-27 14:38 162 70655
[6314] 4
INSCRIPTIONS ?????? 07-08 16:24 -> ????? 07-09 14:38 162 70655
LeavesofGrass ?????? 07-08 08:59 -> ????? 07-08 07:38 0 0
LeavesofGrass ?????? 07-09 08:59 -> ????? 07-09 07:38 0 0
INSCRIPTIONS ?????? 07-09 16:24 -> ????? 07-10 14:38 162 70655
[6316] queue
[6318] -1
[6325] Steward ???? society.at@large.or 1
[6329] 45780
[6331] 4
INSCRIPTIONS ?????? 07-06 16:24 -> ?????? 07-06 16:24 0 70655
INSCRIPTIONS ?????? 07-07 16:24 -> ?????? 07-07 16:24 0 70655
LeavesofGrass ?????? 07-07 08:59 -> ?????? 07-07 08:52 0 0
LeavesofGrass ?????? 07-06 08:59 -> ?????? 07-06 08:52 0 0
[6340] Bibeak ?? the.bourgeoisie@possesses.howe 1
[6346] Skyfire ?? published.in@the.English 1
[6350] queue
[6358] 4
INSCRIPTIONS ?????? 07-29 16:24 -> ?????? 07-29 16:24 0 70655
INSCRIPTIONS ?????? 07-30 16:24 -> ?????? 07-30 16:24 0 70655
LeavesofGrass ?????? 07-30 08:59 -> ?????? 07-30 08:52 0 0
LeavesofGrass ?????? 07-29 08:59 -> ?????? 07-29 08:52 0 0
[6363] 2
LeavesofGrass ????? 08-03 07:38 -> ????? 08-03 07:38 0 85386
LeavesofGrass ????? 08-04 07:38 -> ????? 08-04 07:38 0 98306
[6371] -1
[6376] 4
INSCRIPTIONS ?????? 07-09 16:24 -> ????? 07-10 14:38 162 70655
LeavesofGrass ?????? 07-09 08:59 -> ????? 07-09 07:38 0 0
LeavesofGrass ?????? 07-10 08:59 -> ????? 07-10 07:38 0 0
INSCRIPTIONS ?????? 07-10 16:24 -> ????? 07-11 14:38 162 64018
[6386] 350892
[6391] 4
INSCRIPTIONS ?????? 07-10 16:24 -> ????? 07-11 14:38 162 64018
LeavesofGrass ?????? 07-10 08:59 -> ????? 07-10 07:38 0 0
LeavesofGrass ?????? 07-11 08:59 -> ????? 07-11 07:38 0 0
INSCRIPTIONS ?????? 07-11 16:24 -> ????? 07-12 14:38 162 70655
[6397] Meteorite ?? thereby.to@the.revolutionary 3
[6398] 0
[6401] queue
[6403] Zima ?? industrial@production.was 2
[6409] 4
INSCRIPTIONS ?????? 07-30 16:24 -> ?????? 07-30 16:24 0 70655
INSCRIPTIONS ?????? 07-31 16:24 -> ?????? 07-31 16:24 0 59193
LeavesofGrass ?????? 07-31 08:59 -> ?????? 07-31 08:52 0 0
LeavesofGrass ?????? 07-30 08:59 -> ?????? 07-30 08:52 0 0
[6414] Ptilopsis ??? this.distinctive@feature.it 2
[6420] 1
INSCRIPTIONS ??? 07-23 06:46 -> ?????? 07-22 16:24 688 70655
[6428] queue
[6435] 13630432
[6441] -1
[6448] 2
INSCRIPTIONS ?????? 06-15 16:24 -> ??? 06-16 06:40 0 70655
INSCRIPTIONS ?????? 06-16 16:24 -> ??? 06-17 06:40 0 70655
[6458] 2
INSCRIPTIONS ?????? 07-30 16:24 -> ??? 07-31 06:40 0 70655
INSCRIPTIONS ?????? 07-31 16:24 -> ??? 08-01 06:40 0 59193
[6464] 4
INSCRIPTIONS ?????? 07-25 16:24 -> ?????? 07-25 16:24 0 70655
INSCRIPTIONS ?????? 07-26 16:24 -> ?????? 07-26 16:24 0 70655
LeavesofGrass ?????? 07-26 08:59 -> ?????? 07-26 08:52 0 0
LeavesofGrass ?????? 07-25 08:59 -> ?????? 07-25 08:52 0 0
[6474] Midnight ??? longer.sufficed@Thereupon.stea 1
[6483] 0
[6490] 4
INSCRIPTIONS ?????? 07-13 16:24 -> ?????? 07-13 16:24 0 70655
INSCRIPTIONS ?????? 07-14 16:24 -> ?????? 07-14 16:24 0 68489
LeavesofGrass ?????? 07-14 08:59 -> ?????? 07-14 08:52 0 0
LeavesofGrass ?????? 07-13 08:59 -> ?????? 07-13 08:52 0 0
[6496] 924770
[6505] 0
[6507] Franka ?? of.division@of.labour 1
[6510] Ambriel ??? place.of.the@old.ones 1
[6520] 1
INSCRIPTIONS ????????? 08-01 19:22 -> ?????? 08-01 16:24 1544 65647
[6529] 1
INSCRIPTIONS ??? 07-21 06:46 -> ????? 07-21 14:38 850 70655
[6538] 557760
[6542] Manticore ?? not.hurled@back.the 2
[6547] 1
LeavesofGrass ?????? 07-25 08:59 -> ??????? 07-25 22:46 0 0
[6557] Flamebringer ?? nationalities@have.assembled 2
[6561] 4
INSCRIPTIONS ?????? 07-20 16:24 -> ?????? 07-20 16:24 0 70655
INSCRIPTIONS ?????? 07-21 16:24 -> ?????? 07-21 16:24 0 70655
LeavesofGrass ?????? 07-21 08:59 -> ?????? 07-21 08:52 0 0
LeavesofGrass ?????? 07-20 08:59 -> ?????? 07-20 08:52 0 0
[6569] -1
[6576] 0
[6581] -1
[6591] 2
LeavesofGrass ????? 07-19 07:38 -> ?????? 07-19 08:52 70 76403
LeavesofGrass ????? 07-20 07:38 -> ?????? 07-20 08:52 70 98306
[6596] Platinum ?? each.other@Bourgeoisie.and 2
[6597] -1
[6605] Ceylon ?? the.contending@classes.In 1
[6611] Cutter ?? antagonisms@Society.as 1
[6621] bye
