[18873] -1
[18883] -1
[18890] -1
[18899] -1
[18900] -1
[18910] -1
[18919] -1
[18928] -1
[18931] -1
[18941] -1
[18942] -1
[18948] -1
[18951] -1
[18959] -1
[18965] -1
[18972] -1
[18973] -1
[18982] -1
[18986] -1
[18990] -1
[18991] -1
[18999] -1
[19006] -1
[19011] -1
[19014] -1
[19015] -1
[19020] -1
[19030] -1
[19037] -1
[19038] -1
[19044] -1
[19051] -1
[19055] -1
[19058] -1
[19065] -1
[19069] -1
[19076] -1
[19082] -1
[19089] -1
[19092] -1
[19100] -1
[19107] -1
[19113] -1
[19121] -1
[19124] -1
[19127] -1
[19130] -1
[19133] -1
[19136] -1
[19144] -1
[19153] -1
[19160] -1
[19169] -1
[19179] -1
[19180] -1
[19183] -1
[19189] -1
[19191] -1
[19198] -1
[19199] -1
[19204] -1
[19206] -1
[19213] -1
[19220] -1
[19224] -1
[19230] -1
[19232] -1
[19241] -1
[19243] -1
[19250] -1
[19256] -1
[19258] -1
[19260] -1
[19265] -1
[19274] -1
[19283] -1
[19292] -1
[19301] -1
[19310] -1
[19318] -1
[19328] -1
[19338] -1
[19348] -1
[19358] -1
[19363] -1
[19371] -1
[19373] -1
[19376] -1
[19381] -1
[19389] -1
[19392] -1
[19401] -1
[19404] -1
[19408] -1
[19409] -1
[19413] -1
[19420] -1
[19426] -1
[19429] -1
[19432] -1
[19442] 0
[19450] -1
[19458] 0
[19460] -1
[19467] -1
[19469] -1
[19473] -1
[19480] -1
[19490] 0
[19495] 0
[19500] -1
[19504] -1
[19509] -1
[19515] 0
[19517] -1
[19518] -1
[19524] 0
[19529] -1
[19530] 0
[19534] -1
[19543] -1
[19549] 0
[19550] 0
[19558] 0
[19564] 0
[19571] -1
[19576] -1
[19579] -1
[19582] -1
[19585] -1
[19589] -1
[19596] 0
[19600] -1
[19607] 0
[19617] -1
[19620] -1
[19624] 0
[19631] 0
[19635] 0
[19637] -1
[19643] -1
[19650] -1
[19660] -1
[19669] -1
[19672] -1
[19677] -1
[19682] -1
[19688] -1
[19691] -1
[19695] -1
[19701] 0
[19703] 0
[19713] -1
[19723] -1
[19726] -1
[19731] 0
[19732] -1
[19736] 0
[19743] -1
[19744] 0
[19746] -1
[19754] -1
[19755] -1
[19759] -1
[19763] -1
[19770] -1
[19775] -1
[19779] -1
[19785] 0
[19786] -1
[19790] -1
[19796] -1
[19802] 0
[19809] -1
[19811] -1
[19817] -1
[19826] -1
[19832] 0
[19841] -1
[19847] 0
[19848] 0
[19850] -1
[19853] -1
[19860] -1
[19866] -1
[19873] -1
[19880] -1
[19886] 0
[19887] 0
[19897] -1
[19904] -1
[19908] 0
[19909] 0
[19912] 0
[19919] -1
[19920] -1
[19929] -1
[19930] 0
[19937] -1
[19945] 0
[19952] -1
[19962] -1
[19970] -1
[19980] 0
[19982] -1
[19986] 0
[19989] -1
[19990] -1
[19998] -1
[20000] -1
[20005] -1
[20010] -1
[20012] -1
[20022] -1
[20026] -1
[20036] 0
[20041] 0
[20047] 0
[20054] 0
[20056] -1
[20063] 0
[20072] -1
[20082] -1
[20091] -1
[20096] 0
[20100] -1
[20104] 0
[20113] -1
[20122] -1
[20123] 0
[20130] -1
[20132] 0
[20134] 0
[20142] -1
[20147] -1
[20155] -1
[20164] -1
[20167] 0
[20168] -1
[20172] 0
[20181] -1
[20188] 0
[20197] -1
[20204] -1
[20211] 0
[20215] -1
[20218] -1
[20227] -1
[20230] -1
[20234] -1
[20237] -1
[20241] -1
[20248] -1
[20252] -1
[20262] -1
[20269] 0
[20275] 0
[20285] -1
[20292] 0
[20300] -1
[20309] 0
[20315] 0
[20321] 0
[20325] -1
[20330] -1
[20333] -1
[20342] -1
[20344] -1
[20347] -1
[20354] -1
[20358] 0
[20360] -1
[20366] -1
[20374] 0
[20383] 0
[20385] -1
[20394] -1
[20398] 0
[20403] -1
[20410] -1
[20413] -1
[20423] 0
[20430] -1
[20436] -1
[20439] -1
[20444] 0
[20450] 0
[20460] -1
[20466] 0
[20476] -1
[20478] -1
[20479] -1
[20485] -1
[20488] -1
[20492] -1
[20501] -1
[20510] -1
[20516] 0
[20521] -1
[20528] 0
[20533] 0
[20537] -1
[20542] -1
[20547] -1
[20557] -1
[20565] -1
[20568] -1
[20571] -1
[20572] -1
[20574] 0
[20577] -1
[20584] 0
[20588] -1
[20594] -1
[20597] -1
[20602] 0
[20604] 0
[20608] -1
[20614] 0
[20624] 0
[20629] 0
[20638] -1
[20647] 0
[20651] -1
[20657] -1
[20665] -1
[20673] -1
[20681] -1
[20687] 0
[20694] 0
[20697] -1
[20698] -1
[20707] -1
[20711] 0
[20718] -1
[20726] -1
[20735] -1
[20745] 0
[20748] 0
[20750] 0
[20758] -1
[20760] 0
[20763] 0
[20770] -1
[20776] -1
[20783] -1
[20788] -1
[20795] -1
[20797] -1
[20802] 0
[20806] 0
[20812] 0
[20821] 0
[20827] -1
[20830] -1
[20831] 0
[20838] -1
[20841] 0
[20848] -1
[20856] 0
[20860] 0
[20867] 0
[20876] -1
[20885] 0
[20889] -1
[20898] -1
[20901] -1
[20911] -1
[20918] -1
[20927] -1
[20936] -1
[20946] -1
[20950] 0
[20951] 0
[20955] 0
[20962] 0
[20966] -1
[20971] -1
[20974] 0
[20975] 0
[20978] -1
[20982] -1
[20991] 0
[20995] 0
[21002] 0
[21010] 0
[21017] -1
[21025] 0
[21026] -1
[21032] -1
[21036] 0
[21040] -1
[21047] -1
[21049] -1
[21057] -1
[21064] 0
[21074] -1
[21079] -1
[21084] -1
[21093] 0
[21102] -1
[21111] -1
[21113] -1
[21116] -1
[21118] -1
[21128] 0
[21134] -1
[21141] 0
[21149] -1
[21151] 0
[21157] -1
[21165] -1
[21170] 0
[21175] -1
[21182] -1
[21185] 0
[21193] -1
[21199] 0
[21209] -1
[21210] -1
[21215] -1
[21216] 0
[21225] -1
[21229] -1
[21233] -1
[21242] -1
[21251] -1
[21258] -1
[21263] -1
[21270] -1
[21275] 0
[21285] -1
[21290] -1
[21292] -1
[21302] -1
[21303] -1
[21305] 0
[21310] -1
[21314] -1
[21318] 0
[21325] -1
[21331] -1
[21337] -1
[21342] -1
[21343] -1
[21349] -1
[21357] -1
[21360] 0
[21365] -1
[21370] -1
[21373] 0
[21378] 0
[21383] -1
[21384] 0
[21391] -1
[21400] -1
[21402] -1
[21403] -1
[21406] 0
[21414] 0
[21421] 0
[21427] 0
[21428] -1
[21434] 0
[21440] 0
[21450] -1
[21459] -1
[21466] 0
[21475] 0
[21481] -1
[21484] -1
[21487] -1
[21491] -1
[21499] -1
[21509] 0
[21518] -1
[21527] -1
[21529] 0
[21531] -1
[21539] -1
[21549] -1
[21558] -1
[21566] 0
[21573] -1
[21579] -1
[21584] -1
[21589] -1
[21596] -1
[21599] 0
[21602] -1
[21605] -1
[21610] -1
[21618] 0
[21621] 0
[21623] 0
[21631] 0
[21641] 0
[21648] -1
[21655] -1
[21656] -1
[21658] -1
[21659] 0
[21668] 0
[21674] -1
[21681] -1
[21689] 0
[21691] 0
[21694] -1
[21700] -1
[21703] -1
[21705] -1
[21707] -1
[21710] 0
[21712] 0
[21715] -1
[21723] 0
[21733] -1
[21736] 0
[21739] 0
[21743] 0
[21748] -1
[21751] 0
[21759] -1
[21764] -1
[21771] -1
[21776] -1
[21783] -1
[21786] -1
[21795] -1
[21797] -1
[21803] 0
[21812] -1
[21818] -1
[21826] -1
[21836] 0
[21846] -1
[21852] -1
[21856] -1
[21859] -1
[21861] -1
[21865] -1
[21866] 0
[21874] -1
[21879] -1
[21881] -1
[21888] -1
[21898] -1
[21899] -1
[21909] 0
[21913] operator[] pos 10 size 10
terminate called after throwing an instance of 'sjtu::index_out_of_bound'
